{"C:\\Users\\Paula\\Downloads\\sans doc testOK\\project\\lib\\auth.ts": {"path":"C:\\Users\\Paula\\Downloads\\sans doc testOK\\project\\lib\\auth.ts","all":false,"statementMap":{"0":{"start":{"line":1,"column":0},"end":{"line":1,"column":38}},"1":{"start":{"line":2,"column":0},"end":{"line":2,"column":44}},"2":{"start":{"line":3,"column":0},"end":{"line":3,"column":70}},"3":{"start":{"line":4,"column":0},"end":{"line":4,"column":34}},"4":{"start":{"line":5,"column":0},"end":{"line":5,"column":0}},"5":{"start":{"line":6,"column":0},"end":{"line":6,"column":27}},"6":{"start":{"line":7,"column":0},"end":{"line":7,"column":13}},"7":{"start":{"line":8,"column":0},"end":{"line":8,"column":16}},"8":{"start":{"line":9,"column":0},"end":{"line":9,"column":1}},"9":{"start":{"line":10,"column":0},"end":{"line":10,"column":0}},"10":{"start":{"line":11,"column":0},"end":{"line":11,"column":3}},"11":{"start":{"line":12,"column":0},"end":{"line":12,"column":40}},"12":{"start":{"line":13,"column":0},"end":{"line":13,"column":59}},"13":{"start":{"line":14,"column":0},"end":{"line":14,"column":3}},"14":{"start":{"line":15,"column":0},"end":{"line":15,"column":28}},"15":{"start":{"line":16,"column":0},"end":{"line":16,"column":5}},"16":{"start":{"line":17,"column":0},"end":{"line":17,"column":40}},"17":{"start":{"line":18,"column":0},"end":{"line":18,"column":42}},"18":{"start":{"line":19,"column":0},"end":{"line":19,"column":58}},"19":{"start":{"line":20,"column":0},"end":{"line":20,"column":54}},"20":{"start":{"line":21,"column":0},"end":{"line":21,"column":5}},"21":{"start":{"line":22,"column":0},"end":{"line":22,"column":75}},"22":{"start":{"line":23,"column":0},"end":{"line":23,"column":9}},"23":{"start":{"line":24,"column":0},"end":{"line":24,"column":68}},"24":{"start":{"line":25,"column":0},"end":{"line":25,"column":6}},"25":{"start":{"line":26,"column":0},"end":{"line":26,"column":58}},"26":{"start":{"line":27,"column":0},"end":{"line":27,"column":14}},"27":{"start":{"line":28,"column":0},"end":{"line":28,"column":17}},"28":{"start":{"line":29,"column":0},"end":{"line":29,"column":9}},"29":{"start":{"line":30,"column":0},"end":{"line":30,"column":0}},"30":{"start":{"line":31,"column":0},"end":{"line":31,"column":18}},"31":{"start":{"line":32,"column":0},"end":{"line":32,"column":63}},"32":{"start":{"line":33,"column":0},"end":{"line":33,"column":8}},"33":{"start":{"line":34,"column":0},"end":{"line":34,"column":20}},"34":{"start":{"line":35,"column":0},"end":{"line":35,"column":7}},"35":{"start":{"line":36,"column":0},"end":{"line":36,"column":0}},"36":{"start":{"line":37,"column":0},"end":{"line":37,"column":72}},"37":{"start":{"line":38,"column":0},"end":{"line":38,"column":0}},"38":{"start":{"line":39,"column":0},"end":{"line":39,"column":22}},"39":{"start":{"line":40,"column":0},"end":{"line":40,"column":39}},"40":{"start":{"line":41,"column":0},"end":{"line":41,"column":13}},"41":{"start":{"line":42,"column":0},"end":{"line":42,"column":67}},"42":{"start":{"line":43,"column":0},"end":{"line":43,"column":46}},"43":{"start":{"line":44,"column":0},"end":{"line":44,"column":29}},"44":{"start":{"line":45,"column":0},"end":{"line":45,"column":78}},"45":{"start":{"line":46,"column":0},"end":{"line":46,"column":25}},"46":{"start":{"line":47,"column":0},"end":{"line":47,"column":13}},"47":{"start":{"line":48,"column":0},"end":{"line":48,"column":60}},"48":{"start":{"line":49,"column":0},"end":{"line":49,"column":32}},"49":{"start":{"line":50,"column":0},"end":{"line":50,"column":98}},"50":{"start":{"line":51,"column":0},"end":{"line":51,"column":70}},"51":{"start":{"line":52,"column":0},"end":{"line":52,"column":55}},"52":{"start":{"line":53,"column":0},"end":{"line":53,"column":24}},"53":{"start":{"line":54,"column":0},"end":{"line":54,"column":11}},"54":{"start":{"line":55,"column":0},"end":{"line":55,"column":9}},"55":{"start":{"line":56,"column":0},"end":{"line":56,"column":0}},"56":{"start":{"line":57,"column":0},"end":{"line":57,"column":16}},"57":{"start":{"line":58,"column":0},"end":{"line":58,"column":27}},"58":{"start":{"line":59,"column":0},"end":{"line":59,"column":42}},"59":{"start":{"line":60,"column":0},"end":{"line":60,"column":10}},"60":{"start":{"line":61,"column":0},"end":{"line":61,"column":7}},"61":{"start":{"line":62,"column":0},"end":{"line":62,"column":0}},"62":{"start":{"line":63,"column":0},"end":{"line":63,"column":18}},"63":{"start":{"line":64,"column":0},"end":{"line":64,"column":21}},"64":{"start":{"line":65,"column":0},"end":{"line":65,"column":70}},"65":{"start":{"line":66,"column":0},"end":{"line":66,"column":18}},"66":{"start":{"line":67,"column":0},"end":{"line":67,"column":5}},"67":{"start":{"line":68,"column":0},"end":{"line":68,"column":4}},"68":{"start":{"line":69,"column":0},"end":{"line":69,"column":0}},"69":{"start":{"line":70,"column":0},"end":{"line":70,"column":5}},"70":{"start":{"line":71,"column":0},"end":{"line":71,"column":40}},"71":{"start":{"line":72,"column":0},"end":{"line":72,"column":42}},"72":{"start":{"line":73,"column":0},"end":{"line":73,"column":35}},"73":{"start":{"line":74,"column":0},"end":{"line":74,"column":58}},"74":{"start":{"line":75,"column":0},"end":{"line":75,"column":5}},"75":{"start":{"line":76,"column":0},"end":{"line":76,"column":75}},"76":{"start":{"line":77,"column":0},"end":{"line":77,"column":9}},"77":{"start":{"line":78,"column":0},"end":{"line":78,"column":67}},"78":{"start":{"line":79,"column":0},"end":{"line":79,"column":6}},"79":{"start":{"line":80,"column":0},"end":{"line":80,"column":70}},"80":{"start":{"line":81,"column":0},"end":{"line":81,"column":14}},"81":{"start":{"line":82,"column":0},"end":{"line":82,"column":17}},"82":{"start":{"line":83,"column":0},"end":{"line":83,"column":9}},"83":{"start":{"line":84,"column":0},"end":{"line":84,"column":0}},"84":{"start":{"line":85,"column":0},"end":{"line":85,"column":18}},"85":{"start":{"line":86,"column":0},"end":{"line":86,"column":63}},"86":{"start":{"line":87,"column":0},"end":{"line":87,"column":20}},"87":{"start":{"line":88,"column":0},"end":{"line":88,"column":7}},"88":{"start":{"line":89,"column":0},"end":{"line":89,"column":0}},"89":{"start":{"line":90,"column":0},"end":{"line":90,"column":70}},"90":{"start":{"line":91,"column":0},"end":{"line":91,"column":0}},"91":{"start":{"line":92,"column":0},"end":{"line":92,"column":22}},"92":{"start":{"line":93,"column":0},"end":{"line":93,"column":49}},"93":{"start":{"line":94,"column":0},"end":{"line":94,"column":13}},"94":{"start":{"line":95,"column":0},"end":{"line":95,"column":71}},"95":{"start":{"line":96,"column":0},"end":{"line":96,"column":80}},"96":{"start":{"line":97,"column":0},"end":{"line":97,"column":33}},"97":{"start":{"line":98,"column":0},"end":{"line":98,"column":76}},"98":{"start":{"line":99,"column":0},"end":{"line":99,"column":48}},"99":{"start":{"line":100,"column":0},"end":{"line":100,"column":31}},"100":{"start":{"line":101,"column":0},"end":{"line":101,"column":68}},"101":{"start":{"line":102,"column":0},"end":{"line":102,"column":43}},"102":{"start":{"line":103,"column":0},"end":{"line":103,"column":15}},"103":{"start":{"line":104,"column":0},"end":{"line":104,"column":71}},"104":{"start":{"line":105,"column":0},"end":{"line":105,"column":18}},"105":{"start":{"line":106,"column":0},"end":{"line":106,"column":61}},"106":{"start":{"line":107,"column":0},"end":{"line":107,"column":11}},"107":{"start":{"line":108,"column":0},"end":{"line":108,"column":32}},"108":{"start":{"line":109,"column":0},"end":{"line":109,"column":102}},"109":{"start":{"line":110,"column":0},"end":{"line":110,"column":22}},"110":{"start":{"line":111,"column":0},"end":{"line":111,"column":9}},"111":{"start":{"line":112,"column":0},"end":{"line":112,"column":0}},"112":{"start":{"line":113,"column":0},"end":{"line":113,"column":16}},"113":{"start":{"line":114,"column":0},"end":{"line":114,"column":27}},"114":{"start":{"line":115,"column":0},"end":{"line":115,"column":42}},"115":{"start":{"line":116,"column":0},"end":{"line":116,"column":10}},"116":{"start":{"line":117,"column":0},"end":{"line":117,"column":7}},"117":{"start":{"line":118,"column":0},"end":{"line":118,"column":0}},"118":{"start":{"line":119,"column":0},"end":{"line":119,"column":18}},"119":{"start":{"line":120,"column":0},"end":{"line":120,"column":21}},"120":{"start":{"line":121,"column":0},"end":{"line":121,"column":70}},"121":{"start":{"line":122,"column":0},"end":{"line":122,"column":18}},"122":{"start":{"line":123,"column":0},"end":{"line":123,"column":5}},"123":{"start":{"line":124,"column":0},"end":{"line":124,"column":4}},"124":{"start":{"line":125,"column":0},"end":{"line":125,"column":0}},"125":{"start":{"line":126,"column":0},"end":{"line":126,"column":5}},"126":{"start":{"line":127,"column":0},"end":{"line":127,"column":40}},"127":{"start":{"line":128,"column":0},"end":{"line":128,"column":5}},"128":{"start":{"line":129,"column":0},"end":{"line":129,"column":34}},"129":{"start":{"line":130,"column":0},"end":{"line":130,"column":9}},"130":{"start":{"line":131,"column":0},"end":{"line":131,"column":53}},"131":{"start":{"line":132,"column":0},"end":{"line":132,"column":54}},"132":{"start":{"line":133,"column":0},"end":{"line":133,"column":18}},"133":{"start":{"line":134,"column":0},"end":{"line":134,"column":57}},"134":{"start":{"line":135,"column":0},"end":{"line":135,"column":7}},"135":{"start":{"line":136,"column":0},"end":{"line":136,"column":21}},"136":{"start":{"line":137,"column":0},"end":{"line":137,"column":64}},"137":{"start":{"line":138,"column":0},"end":{"line":138,"column":5}},"138":{"start":{"line":139,"column":0},"end":{"line":139,"column":4}},"139":{"start":{"line":140,"column":0},"end":{"line":140,"column":0}},"140":{"start":{"line":141,"column":0},"end":{"line":141,"column":5}},"141":{"start":{"line":142,"column":0},"end":{"line":142,"column":50}},"142":{"start":{"line":143,"column":0},"end":{"line":143,"column":40}},"143":{"start":{"line":144,"column":0},"end":{"line":144,"column":5}},"144":{"start":{"line":145,"column":0},"end":{"line":145,"column":52}},"145":{"start":{"line":146,"column":0},"end":{"line":146,"column":9}},"146":{"start":{"line":147,"column":0},"end":{"line":147,"column":63}},"147":{"start":{"line":148,"column":0},"end":{"line":148,"column":6}},"148":{"start":{"line":149,"column":0},"end":{"line":149,"column":17}},"149":{"start":{"line":150,"column":0},"end":{"line":150,"column":16}},"150":{"start":{"line":151,"column":0},"end":{"line":151,"column":22}},"151":{"start":{"line":152,"column":0},"end":{"line":152,"column":34}},"152":{"start":{"line":153,"column":0},"end":{"line":153,"column":10}},"153":{"start":{"line":154,"column":0},"end":{"line":154,"column":7}},"154":{"start":{"line":155,"column":0},"end":{"line":155,"column":0}},"155":{"start":{"line":156,"column":0},"end":{"line":156,"column":18}},"156":{"start":{"line":157,"column":0},"end":{"line":157,"column":21}},"157":{"start":{"line":158,"column":0},"end":{"line":158,"column":71}},"158":{"start":{"line":159,"column":0},"end":{"line":159,"column":18}},"159":{"start":{"line":160,"column":0},"end":{"line":160,"column":5}},"160":{"start":{"line":161,"column":0},"end":{"line":161,"column":4}},"161":{"start":{"line":162,"column":0},"end":{"line":162,"column":0}},"162":{"start":{"line":163,"column":0},"end":{"line":163,"column":5}},"163":{"start":{"line":164,"column":0},"end":{"line":164,"column":54}},"164":{"start":{"line":165,"column":0},"end":{"line":165,"column":60}},"165":{"start":{"line":166,"column":0},"end":{"line":166,"column":39}},"166":{"start":{"line":167,"column":0},"end":{"line":167,"column":5}},"167":{"start":{"line":168,"column":0},"end":{"line":168,"column":64}},"168":{"start":{"line":169,"column":0},"end":{"line":169,"column":64}},"169":{"start":{"line":170,"column":0},"end":{"line":170,"column":57}},"170":{"start":{"line":171,"column":0},"end":{"line":171,"column":26}},"171":{"start":{"line":172,"column":0},"end":{"line":172,"column":18}},"172":{"start":{"line":173,"column":0},"end":{"line":173,"column":30}},"173":{"start":{"line":174,"column":0},"end":{"line":174,"column":42}},"174":{"start":{"line":175,"column":0},"end":{"line":175,"column":11}},"175":{"start":{"line":176,"column":0},"end":{"line":176,"column":14}},"176":{"start":{"line":177,"column":0},"end":{"line":177,"column":23}},"177":{"start":{"line":178,"column":0},"end":{"line":178,"column":7}},"178":{"start":{"line":179,"column":0},"end":{"line":179,"column":7}},"179":{"start":{"line":180,"column":0},"end":{"line":180,"column":4}},"180":{"start":{"line":181,"column":0},"end":{"line":181,"column":2}}},"s":{"0":1,"1":1,"2":1,"3":1,"4":1,"5":1,"6":1,"7":1,"8":1,"9":1,"10":1,"11":1,"12":1,"13":1,"14":1,"15":1,"16":1,"17":1,"18":1,"19":1,"20":1,"21":1,"22":4,"23":4,"24":4,"25":4,"26":4,"27":4,"28":4,"29":4,"30":4,"31":3,"32":3,"33":3,"34":3,"35":1,"36":4,"37":4,"38":4,"39":1,"40":1,"41":1,"42":1,"43":1,"44":1,"45":1,"46":1,"47":1,"48":1,"49":0,"50":0,"51":0,"52":0,"53":0,"54":0,"55":1,"56":1,"57":1,"58":1,"59":1,"60":1,"61":0,"62":0,"63":0,"64":0,"65":0,"66":0,"67":4,"68":1,"69":1,"70":1,"71":1,"72":1,"73":1,"74":1,"75":1,"76":2,"77":2,"78":2,"79":2,"80":2,"81":2,"82":2,"83":2,"84":2,"85":1,"86":1,"87":1,"88":1,"89":2,"90":2,"91":2,"92":1,"93":1,"94":1,"95":1,"96":1,"97":1,"98":1,"99":1,"100":1,"101":1,"102":1,"103":1,"104":1,"105":0,"106":0,"107":1,"108":0,"109":0,"110":0,"111":1,"112":1,"113":1,"114":1,"115":1,"116":1,"117":0,"118":0,"119":0,"120":0,"121":0,"122":0,"123":2,"124":1,"125":1,"126":1,"127":1,"128":1,"129":2,"130":2,"131":2,"132":2,"133":1,"134":1,"135":2,"136":0,"137":0,"138":2,"139":1,"140":1,"141":1,"142":1,"143":1,"144":1,"145":2,"146":2,"147":2,"148":2,"149":1,"150":1,"151":1,"152":1,"153":1,"154":1,"155":1,"156":2,"157":0,"158":0,"159":0,"160":2,"161":1,"162":1,"163":1,"164":1,"165":1,"166":1,"167":1,"168":3,"169":2,"170":2,"171":1,"172":1,"173":1,"174":1,"175":1,"176":1,"177":1,"178":3,"179":3,"180":1},"branchMap":{"0":{"type":"branch","line":22,"loc":{"start":{"line":22,"column":2},"end":{"line":68,"column":4}},"locations":[{"start":{"line":22,"column":2},"end":{"line":68,"column":4}}]},"1":{"type":"branch","line":31,"loc":{"start":{"line":31,"column":17},"end":{"line":35,"column":7}},"locations":[{"start":{"line":31,"column":17},"end":{"line":35,"column":7}}]},"2":{"type":"branch","line":35,"loc":{"start":{"line":35,"column":6},"end":{"line":37,"column":68}},"locations":[{"start":{"line":35,"column":6},"end":{"line":37,"column":68}}]},"3":{"type":"branch","line":39,"loc":{"start":{"line":39,"column":21},"end":{"line":61,"column":7}},"locations":[{"start":{"line":39,"column":21},"end":{"line":61,"column":7}}]},"4":{"type":"branch","line":49,"loc":{"start":{"line":49,"column":8},"end":{"line":55,"column":9}},"locations":[{"start":{"line":49,"column":8},"end":{"line":55,"column":9}}]},"5":{"type":"branch","line":59,"loc":{"start":{"line":59,"column":27},"end":{"line":59,"column":42}},"locations":[{"start":{"line":59,"column":27},"end":{"line":59,"column":42}}]},"6":{"type":"branch","line":61,"loc":{"start":{"line":61,"column":6},"end":{"line":67,"column":5}},"locations":[{"start":{"line":61,"column":6},"end":{"line":67,"column":5}}]},"7":{"type":"branch","line":76,"loc":{"start":{"line":76,"column":2},"end":{"line":124,"column":4}},"locations":[{"start":{"line":76,"column":2},"end":{"line":124,"column":4}}]},"8":{"type":"branch","line":85,"loc":{"start":{"line":85,"column":17},"end":{"line":90,"column":66}},"locations":[{"start":{"line":85,"column":17},"end":{"line":90,"column":66}}]},"9":{"type":"branch","line":92,"loc":{"start":{"line":92,"column":21},"end":{"line":117,"column":7}},"locations":[{"start":{"line":92,"column":21},"end":{"line":117,"column":7}}]},"10":{"type":"branch","line":101,"loc":{"start":{"line":101,"column":49},"end":{"line":101,"column":68}},"locations":[{"start":{"line":101,"column":49},"end":{"line":101,"column":68}}]},"11":{"type":"branch","line":102,"loc":{"start":{"line":102,"column":31},"end":{"line":102,"column":43}},"locations":[{"start":{"line":102,"column":31},"end":{"line":102,"column":43}}]},"12":{"type":"branch","line":105,"loc":{"start":{"line":105,"column":10},"end":{"line":107,"column":11}},"locations":[{"start":{"line":105,"column":10},"end":{"line":107,"column":11}}]},"13":{"type":"branch","line":108,"loc":{"start":{"line":108,"column":8},"end":{"line":111,"column":9}},"locations":[{"start":{"line":108,"column":8},"end":{"line":111,"column":9}}]},"14":{"type":"branch","line":115,"loc":{"start":{"line":115,"column":27},"end":{"line":115,"column":42}},"locations":[{"start":{"line":115,"column":27},"end":{"line":115,"column":42}}]},"15":{"type":"branch","line":117,"loc":{"start":{"line":117,"column":6},"end":{"line":123,"column":5}},"locations":[{"start":{"line":117,"column":6},"end":{"line":123,"column":5}}]},"16":{"type":"branch","line":129,"loc":{"start":{"line":129,"column":2},"end":{"line":139,"column":4}},"locations":[{"start":{"line":129,"column":2},"end":{"line":139,"column":4}}]},"17":{"type":"branch","line":133,"loc":{"start":{"line":133,"column":17},"end":{"line":135,"column":7}},"locations":[{"start":{"line":133,"column":17},"end":{"line":135,"column":7}}]},"18":{"type":"branch","line":136,"loc":{"start":{"line":136,"column":4},"end":{"line":138,"column":5}},"locations":[{"start":{"line":136,"column":4},"end":{"line":138,"column":5}}]},"19":{"type":"branch","line":145,"loc":{"start":{"line":145,"column":2},"end":{"line":161,"column":4}},"locations":[{"start":{"line":145,"column":2},"end":{"line":161,"column":4}}]},"20":{"type":"branch","line":149,"loc":{"start":{"line":149,"column":16},"end":{"line":157,"column":13}},"locations":[{"start":{"line":149,"column":16},"end":{"line":157,"column":13}}]},"21":{"type":"branch","line":152,"loc":{"start":{"line":152,"column":22},"end":{"line":152,"column":34}},"locations":[{"start":{"line":152,"column":22},"end":{"line":152,"column":34}}]},"22":{"type":"branch","line":157,"loc":{"start":{"line":157,"column":4},"end":{"line":160,"column":5}},"locations":[{"start":{"line":157,"column":4},"end":{"line":160,"column":5}}]},"23":{"type":"branch","line":168,"loc":{"start":{"line":168,"column":2},"end":{"line":180,"column":4}},"locations":[{"start":{"line":168,"column":2},"end":{"line":180,"column":4}}]},"24":{"type":"branch","line":169,"loc":{"start":{"line":169,"column":43},"end":{"line":179,"column":5}},"locations":[{"start":{"line":169,"column":43},"end":{"line":179,"column":5}}]},"25":{"type":"branch","line":171,"loc":{"start":{"line":171,"column":10},"end":{"line":171,"column":25}},"locations":[{"start":{"line":171,"column":10},"end":{"line":171,"column":25}}]},"26":{"type":"branch","line":171,"loc":{"start":{"line":171,"column":25},"end":{"line":178,"column":7}},"locations":[{"start":{"line":171,"column":25},"end":{"line":178,"column":7}}]},"27":{"type":"branch","line":174,"loc":{"start":{"line":174,"column":30},"end":{"line":174,"column":42}},"locations":[{"start":{"line":174,"column":30},"end":{"line":174,"column":42}}]}},"b":{"0":[4],"1":[3],"2":[1],"3":[1],"4":[0],"5":[0],"6":[0],"7":[2],"8":[1],"9":[1],"10":[0],"11":[0],"12":[0],"13":[0],"14":[0],"15":[0],"16":[2],"17":[1],"18":[0],"19":[2],"20":[1],"21":[0],"22":[0],"23":[3],"24":[2],"25":[1],"26":[1],"27":[0]},"fnMap":{"0":{"name":"signUp","decl":{"start":{"line":22,"column":2},"end":{"line":68,"column":4}},"loc":{"start":{"line":22,"column":2},"end":{"line":68,"column":4}},"line":22},"1":{"name":"signIn","decl":{"start":{"line":76,"column":2},"end":{"line":124,"column":4}},"loc":{"start":{"line":76,"column":2},"end":{"line":124,"column":4}},"line":76},"2":{"name":"signOut","decl":{"start":{"line":129,"column":2},"end":{"line":139,"column":4}},"loc":{"start":{"line":129,"column":2},"end":{"line":139,"column":4}},"line":129},"3":{"name":"getCurrentUser","decl":{"start":{"line":145,"column":2},"end":{"line":161,"column":4}},"loc":{"start":{"line":145,"column":2},"end":{"line":161,"column":4}},"line":145},"4":{"name":"onAuthStateChange","decl":{"start":{"line":168,"column":2},"end":{"line":180,"column":4}},"loc":{"start":{"line":168,"column":2},"end":{"line":180,"column":4}},"line":168}},"f":{"0":4,"1":2,"2":2,"3":2,"4":3}}
,"C:\\Users\\Paula\\Downloads\\sans doc testOK\\project\\lib\\debug.ts": {"path":"C:\\Users\\Paula\\Downloads\\sans doc testOK\\project\\lib\\debug.ts","all":false,"statementMap":{"0":{"start":{"line":1,"column":0},"end":{"line":1,"column":38}},"1":{"start":{"line":2,"column":0},"end":{"line":2,"column":0}},"2":{"start":{"line":3,"column":0},"end":{"line":3,"column":42}},"3":{"start":{"line":4,"column":0},"end":{"line":4,"column":43}},"4":{"start":{"line":5,"column":0},"end":{"line":5,"column":2}},"5":{"start":{"line":6,"column":0},"end":{"line":6,"column":7}},"6":{"start":{"line":7,"column":0},"end":{"line":7,"column":33}},"7":{"start":{"line":8,"column":0},"end":{"line":8,"column":61}},"8":{"start":{"line":9,"column":0},"end":{"line":9,"column":43}},"9":{"start":{"line":10,"column":0},"end":{"line":10,"column":66}},"10":{"start":{"line":11,"column":0},"end":{"line":11,"column":4}},"11":{"start":{"line":12,"column":0},"end":{"line":12,"column":34}},"12":{"start":{"line":13,"column":0},"end":{"line":13,"column":67}},"13":{"start":{"line":14,"column":0},"end":{"line":14,"column":23}},"14":{"start":{"line":15,"column":0},"end":{"line":15,"column":22}},"15":{"start":{"line":16,"column":0},"end":{"line":16,"column":16}},"16":{"start":{"line":17,"column":0},"end":{"line":17,"column":4}},"17":{"start":{"line":18,"column":0},"end":{"line":18,"column":24}},"18":{"start":{"line":19,"column":0},"end":{"line":19,"column":62}},"19":{"start":{"line":20,"column":0},"end":{"line":20,"column":12}},"20":{"start":{"line":21,"column":0},"end":{"line":21,"column":49}},"21":{"start":{"line":22,"column":0},"end":{"line":22,"column":5}},"22":{"start":{"line":23,"column":0},"end":{"line":23,"column":4}},"23":{"start":{"line":24,"column":0},"end":{"line":24,"column":71}},"24":{"start":{"line":25,"column":0},"end":{"line":25,"column":25}},"25":{"start":{"line":26,"column":0},"end":{"line":26,"column":22}},"26":{"start":{"line":27,"column":0},"end":{"line":27,"column":16}},"27":{"start":{"line":28,"column":0},"end":{"line":28,"column":4}},"28":{"start":{"line":29,"column":0},"end":{"line":29,"column":26}},"29":{"start":{"line":30,"column":0},"end":{"line":30,"column":66}},"30":{"start":{"line":31,"column":0},"end":{"line":31,"column":12}},"31":{"start":{"line":32,"column":0},"end":{"line":32,"column":51}},"32":{"start":{"line":33,"column":0},"end":{"line":33,"column":5}},"33":{"start":{"line":34,"column":0},"end":{"line":34,"column":4}},"34":{"start":{"line":35,"column":0},"end":{"line":35,"column":33}},"35":{"start":{"line":36,"column":0},"end":{"line":36,"column":45}},"36":{"start":{"line":37,"column":0},"end":{"line":37,"column":55}},"37":{"start":{"line":38,"column":0},"end":{"line":38,"column":81}},"38":{"start":{"line":39,"column":0},"end":{"line":39,"column":23}},"39":{"start":{"line":40,"column":0},"end":{"line":40,"column":25}},"40":{"start":{"line":41,"column":0},"end":{"line":41,"column":7}},"41":{"start":{"line":42,"column":0},"end":{"line":42,"column":4}},"42":{"start":{"line":43,"column":0},"end":{"line":43,"column":22}},"43":{"start":{"line":44,"column":0},"end":{"line":44,"column":64}},"44":{"start":{"line":45,"column":0},"end":{"line":45,"column":12}},"45":{"start":{"line":46,"column":0},"end":{"line":46,"column":43}},"46":{"start":{"line":47,"column":0},"end":{"line":47,"column":50}},"47":{"start":{"line":48,"column":0},"end":{"line":48,"column":5}},"48":{"start":{"line":49,"column":0},"end":{"line":49,"column":4}},"49":{"start":{"line":50,"column":0},"end":{"line":50,"column":19}},"50":{"start":{"line":51,"column":0},"end":{"line":51,"column":46}},"51":{"start":{"line":52,"column":0},"end":{"line":52,"column":3}},"52":{"start":{"line":53,"column":0},"end":{"line":53,"column":2}}},"s":{"0":1,"1":1,"2":1,"3":6,"4":6,"5":6,"6":6,"7":6,"8":5,"9":6,"10":6,"11":6,"12":6,"13":6,"14":6,"15":6,"16":5,"17":6,"18":1,"19":6,"20":4,"21":4,"22":5,"23":5,"24":5,"25":5,"26":5,"27":5,"28":6,"29":1,"30":6,"31":4,"32":4,"33":5,"34":5,"35":5,"36":5,"37":5,"38":5,"39":5,"40":5,"41":5,"42":6,"43":2,"44":6,"45":1,"46":1,"47":1,"48":6,"49":6,"50":3,"51":3,"52":6},"branchMap":{"0":{"type":"branch","line":3,"loc":{"start":{"line":3,"column":29},"end":{"line":53,"column":2}},"locations":[{"start":{"line":3,"column":29},"end":{"line":53,"column":2}}]},"1":{"type":"branch","line":8,"loc":{"start":{"line":8,"column":59},"end":{"line":10,"column":48}},"locations":[{"start":{"line":8,"column":59},"end":{"line":10,"column":48}}]},"2":{"type":"branch","line":10,"loc":{"start":{"line":10,"column":42},"end":{"line":10,"column":57}},"locations":[{"start":{"line":10,"column":42},"end":{"line":10,"column":57}}]},"3":{"type":"branch","line":10,"loc":{"start":{"line":10,"column":48},"end":{"line":10,"column":64}},"locations":[{"start":{"line":10,"column":48},"end":{"line":10,"column":64}}]},"4":{"type":"branch","line":16,"loc":{"start":{"line":16,"column":14},"end":{"line":18,"column":23}},"locations":[{"start":{"line":16,"column":14},"end":{"line":18,"column":23}}]},"5":{"type":"branch","line":18,"loc":{"start":{"line":18,"column":23},"end":{"line":20,"column":11}},"locations":[{"start":{"line":18,"column":23},"end":{"line":20,"column":11}}]},"6":{"type":"branch","line":20,"loc":{"start":{"line":20,"column":4},"end":{"line":22,"column":5}},"locations":[{"start":{"line":20,"column":4},"end":{"line":22,"column":5}}]},"7":{"type":"branch","line":22,"loc":{"start":{"line":22,"column":4},"end":{"line":29,"column":25}},"locations":[{"start":{"line":22,"column":4},"end":{"line":29,"column":25}}]},"8":{"type":"branch","line":29,"loc":{"start":{"line":29,"column":25},"end":{"line":31,"column":11}},"locations":[{"start":{"line":29,"column":25},"end":{"line":31,"column":11}}]},"9":{"type":"branch","line":31,"loc":{"start":{"line":31,"column":4},"end":{"line":33,"column":5}},"locations":[{"start":{"line":31,"column":4},"end":{"line":33,"column":5}}]},"10":{"type":"branch","line":33,"loc":{"start":{"line":33,"column":4},"end":{"line":43,"column":21}},"locations":[{"start":{"line":33,"column":4},"end":{"line":43,"column":21}}]},"11":{"type":"branch","line":43,"loc":{"start":{"line":43,"column":21},"end":{"line":45,"column":11}},"locations":[{"start":{"line":43,"column":21},"end":{"line":45,"column":11}}]},"12":{"type":"branch","line":45,"loc":{"start":{"line":45,"column":4},"end":{"line":48,"column":5}},"locations":[{"start":{"line":45,"column":4},"end":{"line":48,"column":5}}]},"13":{"type":"branch","line":50,"loc":{"start":{"line":50,"column":2},"end":{"line":52,"column":3}},"locations":[{"start":{"line":50,"column":2},"end":{"line":52,"column":3}}]}},"b":{"0":[6],"1":[5],"2":[4],"3":[1],"4":[5],"5":[1],"6":[4],"7":[5],"8":[1],"9":[4],"10":[5],"11":[2],"12":[1],"13":[3]},"fnMap":{"0":{"name":"debugSupabase","decl":{"start":{"line":3,"column":29},"end":{"line":53,"column":2}},"loc":{"start":{"line":3,"column":29},"end":{"line":53,"column":2}},"line":3}},"f":{"0":6}}
,"C:\\Users\\Paula\\Downloads\\sans doc testOK\\project\\lib\\supabase.ts": {"path":"C:\\Users\\Paula\\Downloads\\sans doc testOK\\project\\lib\\supabase.ts","all":false,"statementMap":{"0":{"start":{"line":1,"column":0},"end":{"line":1,"column":53}},"1":{"start":{"line":2,"column":0},"end":{"line":2,"column":8}},"2":{"start":{"line":3,"column":0},"end":{"line":3,"column":20}},"3":{"start":{"line":4,"column":0},"end":{"line":4,"column":19}},"4":{"start":{"line":5,"column":0},"end":{"line":5,"column":20}},"5":{"start":{"line":6,"column":0},"end":{"line":6,"column":30}},"6":{"start":{"line":7,"column":0},"end":{"line":7,"column":0}},"7":{"start":{"line":8,"column":0},"end":{"line":8,"column":49}},"8":{"start":{"line":9,"column":0},"end":{"line":9,"column":19}},"9":{"start":{"line":10,"column":0},"end":{"line":10,"column":41}},"10":{"start":{"line":11,"column":0},"end":{"line":11,"column":45}},"11":{"start":{"line":12,"column":0},"end":{"line":12,"column":23}},"12":{"start":{"line":13,"column":0},"end":{"line":13,"column":46}},"13":{"start":{"line":14,"column":0},"end":{"line":14,"column":213}},"14":{"start":{"line":15,"column":0},"end":{"line":15,"column":0}},"15":{"start":{"line":16,"column":0},"end":{"line":16,"column":68}},"16":{"start":{"line":17,"column":0},"end":{"line":17,"column":9}},"17":{"start":{"line":18,"column":0},"end":{"line":18,"column":27}},"18":{"start":{"line":19,"column":0},"end":{"line":19,"column":25}},"19":{"start":{"line":20,"column":0},"end":{"line":20,"column":30}},"20":{"start":{"line":21,"column":0},"end":{"line":21,"column":4}},"21":{"start":{"line":22,"column":0},"end":{"line":22,"column":3}},"22":{"start":{"line":23,"column":0},"end":{"line":23,"column":0}},"23":{"start":{"line":24,"column":0},"end":{"line":24,"column":8}},"24":{"start":{"line":25,"column":0},"end":{"line":25,"column":26}},"25":{"start":{"line":26,"column":0},"end":{"line":26,"column":13}},"26":{"start":{"line":27,"column":0},"end":{"line":27,"column":15}},"27":{"start":{"line":28,"column":0},"end":{"line":28,"column":16}},"28":{"start":{"line":29,"column":0},"end":{"line":29,"column":15}},"29":{"start":{"line":30,"column":0},"end":{"line":30,"column":18}},"30":{"start":{"line":31,"column":0},"end":{"line":31,"column":18}},"31":{"start":{"line":32,"column":0},"end":{"line":32,"column":21}},"32":{"start":{"line":33,"column":0},"end":{"line":33,"column":21}},"33":{"start":{"line":34,"column":0},"end":{"line":34,"column":1}},"34":{"start":{"line":35,"column":0},"end":{"line":35,"column":0}},"35":{"start":{"line":36,"column":0},"end":{"line":36,"column":27}},"36":{"start":{"line":37,"column":0},"end":{"line":37,"column":19}},"37":{"start":{"line":38,"column":0},"end":{"line":38,"column":20}},"38":{"start":{"line":39,"column":0},"end":{"line":39,"column":20}},"39":{"start":{"line":40,"column":0},"end":{"line":40,"column":17}},"40":{"start":{"line":41,"column":0},"end":{"line":41,"column":1}},"41":{"start":{"line":42,"column":0},"end":{"line":42,"column":0}},"42":{"start":{"line":43,"column":0},"end":{"line":43,"column":69}},"43":{"start":{"line":44,"column":0},"end":{"line":44,"column":33}},"44":{"start":{"line":45,"column":0},"end":{"line":45,"column":1}},"45":{"start":{"line":46,"column":0},"end":{"line":46,"column":27}},"46":{"start":{"line":47,"column":0},"end":{"line":47,"column":13}},"47":{"start":{"line":48,"column":0},"end":{"line":48,"column":18}},"48":{"start":{"line":49,"column":0},"end":{"line":49,"column":38}},"49":{"start":{"line":50,"column":0},"end":{"line":50,"column":19}},"50":{"start":{"line":51,"column":0},"end":{"line":51,"column":19}},"51":{"start":{"line":52,"column":0},"end":{"line":52,"column":15}},"52":{"start":{"line":53,"column":0},"end":{"line":53,"column":20}},"53":{"start":{"line":54,"column":0},"end":{"line":54,"column":22}},"54":{"start":{"line":55,"column":0},"end":{"line":55,"column":24}},"55":{"start":{"line":56,"column":0},"end":{"line":56,"column":21}},"56":{"start":{"line":57,"column":0},"end":{"line":57,"column":1}},"57":{"start":{"line":58,"column":0},"end":{"line":58,"column":0}},"58":{"start":{"line":59,"column":0},"end":{"line":59,"column":11}},"59":{"start":{"line":60,"column":0},"end":{"line":60,"column":32}},"60":{"start":{"line":61,"column":0},"end":{"line":61,"column":64}},"61":{"start":{"line":62,"column":0},"end":{"line":62,"column":42}},"62":{"start":{"line":63,"column":0},"end":{"line":63,"column":25}},"63":{"start":{"line":64,"column":0},"end":{"line":64,"column":18}},"64":{"start":{"line":65,"column":0},"end":{"line":65,"column":28}},"65":{"start":{"line":66,"column":0},"end":{"line":66,"column":49}},"66":{"start":{"line":67,"column":0},"end":{"line":67,"column":0}},"67":{"start":{"line":68,"column":0},"end":{"line":68,"column":27}},"68":{"start":{"line":69,"column":0},"end":{"line":69,"column":0}},"69":{"start":{"line":70,"column":0},"end":{"line":70,"column":49}},"70":{"start":{"line":71,"column":0},"end":{"line":71,"column":44}},"71":{"start":{"line":72,"column":0},"end":{"line":72,"column":18}},"72":{"start":{"line":73,"column":0},"end":{"line":73,"column":35}},"73":{"start":{"line":74,"column":0},"end":{"line":74,"column":27}},"74":{"start":{"line":75,"column":0},"end":{"line":75,"column":50}},"75":{"start":{"line":76,"column":0},"end":{"line":76,"column":46}},"76":{"start":{"line":77,"column":0},"end":{"line":77,"column":35}},"77":{"start":{"line":78,"column":0},"end":{"line":78,"column":51}},"78":{"start":{"line":79,"column":0},"end":{"line":79,"column":11}},"79":{"start":{"line":80,"column":0},"end":{"line":80,"column":13}},"80":{"start":{"line":81,"column":0},"end":{"line":81,"column":8}},"81":{"start":{"line":82,"column":0},"end":{"line":82,"column":4}},"82":{"start":{"line":83,"column":0},"end":{"line":83,"column":0}},"83":{"start":{"line":84,"column":0},"end":{"line":84,"column":59}},"84":{"start":{"line":85,"column":0},"end":{"line":85,"column":42}},"85":{"start":{"line":86,"column":0},"end":{"line":86,"column":25}},"86":{"start":{"line":87,"column":0},"end":{"line":87,"column":18}},"87":{"start":{"line":88,"column":0},"end":{"line":88,"column":19}},"88":{"start":{"line":89,"column":0},"end":{"line":89,"column":16}},"89":{"start":{"line":90,"column":0},"end":{"line":90,"column":0}},"90":{"start":{"line":91,"column":0},"end":{"line":91,"column":27}},"91":{"start":{"line":92,"column":0},"end":{"line":92,"column":0}},"92":{"start":{"line":93,"column":0},"end":{"line":93,"column":27}},"93":{"start":{"line":94,"column":0},"end":{"line":94,"column":0}},"94":{"start":{"line":95,"column":0},"end":{"line":95,"column":34}},"95":{"start":{"line":96,"column":0},"end":{"line":96,"column":12}},"96":{"start":{"line":97,"column":0},"end":{"line":97,"column":14}},"97":{"start":{"line":98,"column":0},"end":{"line":98,"column":31}},"98":{"start":{"line":99,"column":0},"end":{"line":99,"column":27}},"99":{"start":{"line":100,"column":0},"end":{"line":100,"column":46}},"100":{"start":{"line":101,"column":0},"end":{"line":101,"column":42}},"101":{"start":{"line":102,"column":0},"end":{"line":102,"column":31}},"102":{"start":{"line":103,"column":0},"end":{"line":103,"column":47}},"103":{"start":{"line":104,"column":0},"end":{"line":104,"column":11}},"104":{"start":{"line":105,"column":0},"end":{"line":105,"column":13}},"105":{"start":{"line":106,"column":0},"end":{"line":106,"column":6}},"106":{"start":{"line":107,"column":0},"end":{"line":107,"column":4}},"107":{"start":{"line":108,"column":0},"end":{"line":108,"column":0}},"108":{"start":{"line":109,"column":0},"end":{"line":109,"column":23}},"109":{"start":{"line":110,"column":0},"end":{"line":110,"column":49}},"110":{"start":{"line":111,"column":0},"end":{"line":111,"column":24}},"111":{"start":{"line":112,"column":0},"end":{"line":112,"column":40}},"112":{"start":{"line":113,"column":0},"end":{"line":113,"column":69}},"113":{"start":{"line":114,"column":0},"end":{"line":114,"column":0}},"114":{"start":{"line":115,"column":0},"end":{"line":115,"column":42}},"115":{"start":{"line":116,"column":0},"end":{"line":116,"column":25}},"116":{"start":{"line":117,"column":0},"end":{"line":117,"column":15}},"117":{"start":{"line":118,"column":0},"end":{"line":118,"column":9}},"118":{"start":{"line":119,"column":0},"end":{"line":119,"column":22}},"119":{"start":{"line":120,"column":0},"end":{"line":120,"column":56}},"120":{"start":{"line":121,"column":0},"end":{"line":121,"column":10}},"121":{"start":{"line":122,"column":0},"end":{"line":122,"column":8}},"122":{"start":{"line":123,"column":0},"end":{"line":123,"column":15}},"123":{"start":{"line":124,"column":0},"end":{"line":124,"column":16}},"124":{"start":{"line":125,"column":0},"end":{"line":125,"column":0}},"125":{"start":{"line":126,"column":0},"end":{"line":126,"column":27}},"126":{"start":{"line":127,"column":0},"end":{"line":127,"column":0}},"127":{"start":{"line":128,"column":0},"end":{"line":128,"column":37}},"128":{"start":{"line":129,"column":0},"end":{"line":129,"column":12}},"129":{"start":{"line":130,"column":0},"end":{"line":130,"column":14}},"130":{"start":{"line":131,"column":0},"end":{"line":131,"column":65}},"131":{"start":{"line":132,"column":0},"end":{"line":132,"column":6}},"132":{"start":{"line":133,"column":0},"end":{"line":133,"column":4}},"133":{"start":{"line":134,"column":0},"end":{"line":134,"column":0}},"134":{"start":{"line":135,"column":0},"end":{"line":135,"column":51}},"135":{"start":{"line":136,"column":0},"end":{"line":136,"column":78}},"136":{"start":{"line":137,"column":0},"end":{"line":137,"column":0}},"137":{"start":{"line":138,"column":0},"end":{"line":138,"column":27}},"138":{"start":{"line":139,"column":0},"end":{"line":139,"column":4}},"139":{"start":{"line":140,"column":0},"end":{"line":140,"column":2}},"140":{"start":{"line":141,"column":0},"end":{"line":141,"column":0}},"141":{"start":{"line":142,"column":0},"end":{"line":142,"column":31}},"142":{"start":{"line":143,"column":0},"end":{"line":143,"column":61}},"143":{"start":{"line":144,"column":0},"end":{"line":144,"column":53}},"144":{"start":{"line":145,"column":0},"end":{"line":145,"column":42}},"145":{"start":{"line":146,"column":0},"end":{"line":146,"column":23}},"146":{"start":{"line":147,"column":0},"end":{"line":147,"column":18}},"147":{"start":{"line":148,"column":0},"end":{"line":148,"column":23}},"148":{"start":{"line":149,"column":0},"end":{"line":149,"column":16}},"149":{"start":{"line":150,"column":0},"end":{"line":150,"column":0}},"150":{"start":{"line":151,"column":0},"end":{"line":151,"column":45}},"151":{"start":{"line":152,"column":0},"end":{"line":152,"column":18}},"152":{"start":{"line":153,"column":0},"end":{"line":153,"column":5}},"153":{"start":{"line":154,"column":0},"end":{"line":154,"column":0}},"154":{"start":{"line":155,"column":0},"end":{"line":155,"column":44}},"155":{"start":{"line":156,"column":0},"end":{"line":156,"column":16}},"156":{"start":{"line":157,"column":0},"end":{"line":157,"column":4}},"157":{"start":{"line":158,"column":0},"end":{"line":158,"column":0}},"158":{"start":{"line":159,"column":0},"end":{"line":159,"column":22}},"159":{"start":{"line":160,"column":0},"end":{"line":160,"column":55}},"160":{"start":{"line":161,"column":0},"end":{"line":161,"column":23}},"161":{"start":{"line":162,"column":0},"end":{"line":162,"column":42}},"162":{"start":{"line":163,"column":0},"end":{"line":163,"column":23}},"163":{"start":{"line":164,"column":0},"end":{"line":164,"column":24}},"164":{"start":{"line":165,"column":0},"end":{"line":165,"column":15}},"165":{"start":{"line":166,"column":0},"end":{"line":166,"column":16}},"166":{"start":{"line":167,"column":0},"end":{"line":167,"column":0}},"167":{"start":{"line":168,"column":0},"end":{"line":168,"column":16}},"168":{"start":{"line":169,"column":0},"end":{"line":169,"column":18}},"169":{"start":{"line":170,"column":0},"end":{"line":170,"column":5}},"170":{"start":{"line":171,"column":0},"end":{"line":171,"column":0}},"171":{"start":{"line":172,"column":0},"end":{"line":172,"column":16}},"172":{"start":{"line":173,"column":0},"end":{"line":173,"column":4}},"173":{"start":{"line":174,"column":0},"end":{"line":174,"column":2}}},"s":{"0":1,"1":1,"2":1,"3":1,"4":1,"5":1,"6":1,"7":1,"8":1,"9":1,"10":0,"11":1,"12":1,"13":0,"14":1,"15":1,"16":1,"17":1,"18":1,"19":1,"20":1,"21":1,"22":1,"23":1,"24":1,"25":1,"26":1,"27":1,"28":1,"29":1,"30":1,"31":1,"32":1,"33":1,"34":1,"35":1,"36":1,"37":1,"38":1,"39":1,"40":1,"41":1,"42":1,"43":1,"44":1,"45":1,"46":1,"47":1,"48":1,"49":1,"50":1,"51":1,"52":1,"53":1,"54":1,"55":1,"56":1,"57":1,"58":1,"59":1,"60":1,"61":3,"62":3,"63":3,"64":3,"65":3,"66":3,"67":3,"68":2,"69":2,"70":3,"71":1,"72":1,"73":1,"74":1,"75":0,"76":1,"77":1,"78":1,"79":0,"80":3,"81":3,"82":1,"83":1,"84":0,"85":0,"86":0,"87":0,"88":0,"89":0,"90":0,"91":0,"92":0,"93":0,"94":0,"95":0,"96":0,"97":0,"98":0,"99":0,"100":0,"101":0,"102":0,"103":0,"104":0,"105":0,"106":0,"107":1,"108":1,"109":2,"110":2,"111":2,"112":2,"113":2,"114":2,"115":2,"116":2,"117":2,"118":2,"119":2,"120":2,"121":2,"122":2,"123":2,"124":2,"125":2,"126":1,"127":1,"128":1,"129":1,"130":1,"131":1,"132":2,"133":1,"134":1,"135":2,"136":2,"137":2,"138":2,"139":1,"140":1,"141":1,"142":1,"143":3,"144":3,"145":3,"146":3,"147":3,"148":3,"149":3,"150":3,"151":1,"152":1,"153":2,"154":2,"155":2,"156":3,"157":1,"158":1,"159":2,"160":2,"161":2,"162":2,"163":2,"164":2,"165":2,"166":2,"167":2,"168":1,"169":1,"170":1,"171":1,"172":2,"173":1},"branchMap":{"0":{"type":"branch","line":10,"loc":{"start":{"line":10,"column":14},"end":{"line":11,"column":45}},"locations":[{"start":{"line":10,"column":14},"end":{"line":11,"column":45}}]},"1":{"type":"branch","line":13,"loc":{"start":{"line":13,"column":14},"end":{"line":14,"column":213}},"locations":[{"start":{"line":13,"column":14},"end":{"line":14,"column":213}}]},"2":{"type":"branch","line":61,"loc":{"start":{"line":61,"column":2},"end":{"line":82,"column":4}},"locations":[{"start":{"line":61,"column":2},"end":{"line":82,"column":4}}]},"3":{"type":"branch","line":68,"loc":{"start":{"line":68,"column":15},"end":{"line":68,"column":27}},"locations":[{"start":{"line":68,"column":15},"end":{"line":68,"column":27}}]},"4":{"type":"branch","line":68,"loc":{"start":{"line":68,"column":21},"end":{"line":71,"column":20}},"locations":[{"start":{"line":68,"column":21},"end":{"line":71,"column":20}}]},"5":{"type":"branch","line":71,"loc":{"start":{"line":71,"column":12},"end":{"line":71,"column":24}},"locations":[{"start":{"line":71,"column":12},"end":{"line":71,"column":24}}]},"6":{"type":"branch","line":71,"loc":{"start":{"line":71,"column":28},"end":{"line":81,"column":6}},"locations":[{"start":{"line":71,"column":28},"end":{"line":81,"column":6}}]},"7":{"type":"branch","line":75,"loc":{"start":{"line":75,"column":42},"end":{"line":76,"column":46}},"locations":[{"start":{"line":75,"column":42},"end":{"line":76,"column":46}}]},"8":{"type":"branch","line":79,"loc":{"start":{"line":79,"column":10},"end":{"line":80,"column":13}},"locations":[{"start":{"line":79,"column":10},"end":{"line":80,"column":13}}]},"9":{"type":"branch","line":109,"loc":{"start":{"line":109,"column":2},"end":{"line":133,"column":4}},"locations":[{"start":{"line":109,"column":2},"end":{"line":133,"column":4}}]},"10":{"type":"branch","line":126,"loc":{"start":{"line":126,"column":15},"end":{"line":132,"column":6}},"locations":[{"start":{"line":126,"column":15},"end":{"line":132,"column":6}}]},"11":{"type":"branch","line":135,"loc":{"start":{"line":135,"column":2},"end":{"line":139,"column":4}},"locations":[{"start":{"line":135,"column":2},"end":{"line":139,"column":4}}]},"12":{"type":"branch","line":138,"loc":{"start":{"line":138,"column":15},"end":{"line":138,"column":27}},"locations":[{"start":{"line":138,"column":15},"end":{"line":138,"column":27}}]},"13":{"type":"branch","line":143,"loc":{"start":{"line":143,"column":2},"end":{"line":157,"column":4}},"locations":[{"start":{"line":143,"column":2},"end":{"line":157,"column":4}}]},"14":{"type":"branch","line":151,"loc":{"start":{"line":151,"column":8},"end":{"line":151,"column":44}},"locations":[{"start":{"line":151,"column":8},"end":{"line":151,"column":44}}]},"15":{"type":"branch","line":151,"loc":{"start":{"line":151,"column":44},"end":{"line":153,"column":5}},"locations":[{"start":{"line":151,"column":44},"end":{"line":153,"column":5}}]},"16":{"type":"branch","line":153,"loc":{"start":{"line":153,"column":4},"end":{"line":156,"column":16}},"locations":[{"start":{"line":153,"column":4},"end":{"line":156,"column":16}}]},"17":{"type":"branch","line":159,"loc":{"start":{"line":159,"column":2},"end":{"line":173,"column":4}},"locations":[{"start":{"line":159,"column":2},"end":{"line":173,"column":4}}]},"18":{"type":"branch","line":168,"loc":{"start":{"line":168,"column":15},"end":{"line":172,"column":16}},"locations":[{"start":{"line":168,"column":15},"end":{"line":172,"column":16}}]}},"b":{"0":[0],"1":[0],"2":[3],"3":[1],"4":[2],"5":[1],"6":[1],"7":[0],"8":[0],"9":[2],"10":[1],"11":[2],"12":[1],"13":[3],"14":[2],"15":[1],"16":[2],"17":[2],"18":[1]},"fnMap":{"0":{"name":"getUserActivities","decl":{"start":{"line":61,"column":2},"end":{"line":82,"column":4}},"loc":{"start":{"line":61,"column":2},"end":{"line":82,"column":4}},"line":61},"1":{"name":"getActivity","decl":{"start":{"line":84,"column":2},"end":{"line":107,"column":4}},"loc":{"start":{"line":84,"column":2},"end":{"line":107,"column":4}},"line":84},"2":{"name":"createActivity","decl":{"start":{"line":109,"column":2},"end":{"line":133,"column":4}},"loc":{"start":{"line":109,"column":2},"end":{"line":133,"column":4}},"line":109},"3":{"name":"deleteActivity","decl":{"start":{"line":135,"column":2},"end":{"line":139,"column":4}},"loc":{"start":{"line":135,"column":2},"end":{"line":139,"column":4}},"line":135},"4":{"name":"getProfile","decl":{"start":{"line":143,"column":2},"end":{"line":157,"column":4}},"loc":{"start":{"line":143,"column":2},"end":{"line":157,"column":4}},"line":143},"5":{"name":"upsertProfile","decl":{"start":{"line":159,"column":2},"end":{"line":173,"column":4}},"loc":{"start":{"line":159,"column":2},"end":{"line":173,"column":4}},"line":159}},"f":{"0":3,"1":0,"2":2,"3":2,"4":3,"5":2}}
,"C:\\Users\\Paula\\Downloads\\sans doc testOK\\project\\utils\\calculations.ts": {"path":"C:\\Users\\Paula\\Downloads\\sans doc testOK\\project\\utils\\calculations.ts","all":false,"statementMap":{"0":{"start":{"line":1,"column":0},"end":{"line":1,"column":42}},"1":{"start":{"line":2,"column":0},"end":{"line":2,"column":0}},"2":{"start":{"line":3,"column":0},"end":{"line":3,"column":61}},"3":{"start":{"line":4,"column":0},"end":{"line":4,"column":30}},"4":{"start":{"line":5,"column":0},"end":{"line":5,"column":37}},"5":{"start":{"line":6,"column":0},"end":{"line":6,"column":36}},"6":{"start":{"line":7,"column":0},"end":{"line":7,"column":35}},"7":{"start":{"line":8,"column":0},"end":{"line":8,"column":11}},"8":{"start":{"line":9,"column":0},"end":{"line":9,"column":0}},"9":{"start":{"line":10,"column":0},"end":{"line":10,"column":3}},"10":{"start":{"line":11,"column":0},"end":{"line":11,"column":68}},"11":{"start":{"line":12,"column":0},"end":{"line":12,"column":3}},"12":{"start":{"line":13,"column":0},"end":{"line":13,"column":78}},"13":{"start":{"line":14,"column":0},"end":{"line":14,"column":48}},"14":{"start":{"line":15,"column":0},"end":{"line":15,"column":63}},"15":{"start":{"line":16,"column":0},"end":{"line":16,"column":65}},"16":{"start":{"line":17,"column":0},"end":{"line":17,"column":12}},"17":{"start":{"line":18,"column":0},"end":{"line":18,"column":41}},"18":{"start":{"line":19,"column":0},"end":{"line":19,"column":88}},"19":{"start":{"line":20,"column":0},"end":{"line":20,"column":40}},"20":{"start":{"line":21,"column":0},"end":{"line":21,"column":57}},"21":{"start":{"line":22,"column":0},"end":{"line":22,"column":37}},"22":{"start":{"line":23,"column":0},"end":{"line":23,"column":2}},"23":{"start":{"line":24,"column":0},"end":{"line":24,"column":0}},"24":{"start":{"line":25,"column":0},"end":{"line":25,"column":3}},"25":{"start":{"line":26,"column":0},"end":{"line":26,"column":44}},"26":{"start":{"line":27,"column":0},"end":{"line":27,"column":3}},"27":{"start":{"line":28,"column":0},"end":{"line":28,"column":68}},"28":{"start":{"line":29,"column":0},"end":{"line":29,"column":59}},"29":{"start":{"line":30,"column":0},"end":{"line":30,"column":40}},"30":{"start":{"line":31,"column":0},"end":{"line":31,"column":2}},"31":{"start":{"line":32,"column":0},"end":{"line":32,"column":0}},"32":{"start":{"line":33,"column":0},"end":{"line":33,"column":3}},"33":{"start":{"line":34,"column":0},"end":{"line":34,"column":74}},"34":{"start":{"line":35,"column":0},"end":{"line":35,"column":3}},"35":{"start":{"line":36,"column":0},"end":{"line":36,"column":71}},"36":{"start":{"line":37,"column":0},"end":{"line":37,"column":65}},"37":{"start":{"line":38,"column":0},"end":{"line":38,"column":27}},"38":{"start":{"line":39,"column":0},"end":{"line":39,"column":2}},"39":{"start":{"line":40,"column":0},"end":{"line":40,"column":0}},"40":{"start":{"line":41,"column":0},"end":{"line":41,"column":3}},"41":{"start":{"line":42,"column":0},"end":{"line":42,"column":41}},"42":{"start":{"line":43,"column":0},"end":{"line":43,"column":3}},"43":{"start":{"line":44,"column":0},"end":{"line":44,"column":87}},"44":{"start":{"line":45,"column":0},"end":{"line":45,"column":33}},"45":{"start":{"line":46,"column":0},"end":{"line":46,"column":47}},"46":{"start":{"line":47,"column":0},"end":{"line":47,"column":38}},"47":{"start":{"line":48,"column":0},"end":{"line":48,"column":2}},"48":{"start":{"line":49,"column":0},"end":{"line":49,"column":0}},"49":{"start":{"line":50,"column":0},"end":{"line":50,"column":3}},"50":{"start":{"line":51,"column":0},"end":{"line":51,"column":34}},"51":{"start":{"line":52,"column":0},"end":{"line":52,"column":3}},"52":{"start":{"line":53,"column":0},"end":{"line":53,"column":91}},"53":{"start":{"line":54,"column":0},"end":{"line":54,"column":64}},"54":{"start":{"line":55,"column":0},"end":{"line":55,"column":21}},"55":{"start":{"line":56,"column":0},"end":{"line":56,"column":2}},"56":{"start":{"line":57,"column":0},"end":{"line":57,"column":45}},"57":{"start":{"line":58,"column":0},"end":{"line":58,"column":13}},"58":{"start":{"line":59,"column":0},"end":{"line":59,"column":3}},"59":{"start":{"line":60,"column":0},"end":{"line":60,"column":15}},"60":{"start":{"line":61,"column":0},"end":{"line":61,"column":2}}},"s":{"0":1,"1":1,"2":1,"3":1,"4":1,"5":1,"6":1,"7":1,"8":1,"9":1,"10":1,"11":1,"12":1,"13":3,"14":3,"15":3,"16":3,"17":3,"18":3,"19":3,"20":3,"21":3,"22":3,"23":1,"24":1,"25":1,"26":1,"27":1,"28":9,"29":7,"30":7,"31":1,"32":1,"33":1,"34":1,"35":1,"36":8,"37":6,"38":6,"39":1,"40":1,"41":1,"42":1,"43":1,"44":6,"45":4,"46":4,"47":4,"48":1,"49":1,"50":1,"51":1,"52":1,"53":8,"54":8,"55":8,"56":8,"57":5,"58":5,"59":3,"60":3},"branchMap":{"0":{"type":"branch","line":13,"loc":{"start":{"line":13,"column":33},"end":{"line":23,"column":2}},"locations":[{"start":{"line":13,"column":33},"end":{"line":23,"column":2}}]},"1":{"type":"branch","line":28,"loc":{"start":{"line":28,"column":35},"end":{"line":31,"column":2}},"locations":[{"start":{"line":28,"column":35},"end":{"line":31,"column":2}}]},"2":{"type":"branch","line":29,"loc":{"start":{"line":29,"column":22},"end":{"line":29,"column":50}},"locations":[{"start":{"line":29,"column":22},"end":{"line":29,"column":50}}]},"3":{"type":"branch","line":29,"loc":{"start":{"line":29,"column":50},"end":{"line":29,"column":59}},"locations":[{"start":{"line":29,"column":50},"end":{"line":29,"column":59}}]},"4":{"type":"branch","line":29,"loc":{"start":{"line":29,"column":57},"end":{"line":31,"column":2}},"locations":[{"start":{"line":29,"column":57},"end":{"line":31,"column":2}}]},"5":{"type":"branch","line":36,"loc":{"start":{"line":36,"column":35},"end":{"line":39,"column":2}},"locations":[{"start":{"line":36,"column":35},"end":{"line":39,"column":2}}]},"6":{"type":"branch","line":37,"loc":{"start":{"line":37,"column":25},"end":{"line":37,"column":56}},"locations":[{"start":{"line":37,"column":25},"end":{"line":37,"column":56}}]},"7":{"type":"branch","line":37,"loc":{"start":{"line":37,"column":56},"end":{"line":37,"column":65}},"locations":[{"start":{"line":37,"column":56},"end":{"line":37,"column":65}}]},"8":{"type":"branch","line":37,"loc":{"start":{"line":37,"column":63},"end":{"line":39,"column":2}},"locations":[{"start":{"line":37,"column":63},"end":{"line":39,"column":2}}]},"9":{"type":"branch","line":44,"loc":{"start":{"line":44,"column":29},"end":{"line":48,"column":2}},"locations":[{"start":{"line":44,"column":29},"end":{"line":48,"column":2}}]},"10":{"type":"branch","line":45,"loc":{"start":{"line":45,"column":24},"end":{"line":45,"column":33}},"locations":[{"start":{"line":45,"column":24},"end":{"line":45,"column":33}}]},"11":{"type":"branch","line":45,"loc":{"start":{"line":45,"column":31},"end":{"line":48,"column":2}},"locations":[{"start":{"line":45,"column":31},"end":{"line":48,"column":2}}]},"12":{"type":"branch","line":53,"loc":{"start":{"line":53,"column":27},"end":{"line":61,"column":2}},"locations":[{"start":{"line":53,"column":27},"end":{"line":61,"column":2}}]},"13":{"type":"branch","line":54,"loc":{"start":{"line":54,"column":36},"end":{"line":54,"column":53}},"locations":[{"start":{"line":54,"column":36},"end":{"line":54,"column":53}}]},"14":{"type":"branch","line":54,"loc":{"start":{"line":54,"column":48},"end":{"line":54,"column":64}},"locations":[{"start":{"line":54,"column":48},"end":{"line":54,"column":64}}]},"15":{"type":"branch","line":57,"loc":{"start":{"line":57,"column":14},"end":{"line":57,"column":44}},"locations":[{"start":{"line":57,"column":14},"end":{"line":57,"column":44}}]},"16":{"type":"branch","line":57,"loc":{"start":{"line":57,"column":44},"end":{"line":59,"column":3}},"locations":[{"start":{"line":57,"column":44},"end":{"line":59,"column":3}}]},"17":{"type":"branch","line":59,"loc":{"start":{"line":59,"column":2},"end":{"line":61,"column":2}},"locations":[{"start":{"line":59,"column":2},"end":{"line":61,"column":2}}]}},"b":{"0":[3],"1":[9],"2":[8],"3":[2],"4":[7],"5":[8],"6":[7],"7":[2],"8":[6],"9":[6],"10":[2],"11":[4],"12":[8],"13":[4],"14":[4],"15":[5],"16":[5],"17":[3]},"fnMap":{"0":{"name":"calculateDistance","decl":{"start":{"line":13,"column":33},"end":{"line":23,"column":2}},"loc":{"start":{"line":13,"column":33},"end":{"line":23,"column":2}},"line":13},"1":{"name":"calculateCO2Savings","decl":{"start":{"line":28,"column":35},"end":{"line":31,"column":2}},"loc":{"start":{"line":28,"column":35},"end":{"line":31,"column":2}},"line":28},"2":{"name":"calculateLifeGained","decl":{"start":{"line":36,"column":35},"end":{"line":39,"column":2}},"loc":{"start":{"line":36,"column":35},"end":{"line":39,"column":2}},"line":36},"3":{"name":"calculatePace","decl":{"start":{"line":44,"column":29},"end":{"line":48,"column":2}},"loc":{"start":{"line":44,"column":29},"end":{"line":48,"column":2}},"line":44},"4":{"name":"filterSpeed","decl":{"start":{"line":53,"column":27},"end":{"line":61,"column":2}},"loc":{"start":{"line":53,"column":27},"end":{"line":61,"column":2}},"line":53}},"f":{"0":3,"1":9,"2":8,"3":6,"4":8}}
,"C:\\Users\\Paula\\Downloads\\sans doc testOK\\project\\utils\\formatters.ts": {"path":"C:\\Users\\Paula\\Downloads\\sans doc testOK\\project\\utils\\formatters.ts","all":false,"statementMap":{"0":{"start":{"line":1,"column":0},"end":{"line":1,"column":3}},"1":{"start":{"line":2,"column":0},"end":{"line":2,"column":46}},"2":{"start":{"line":3,"column":0},"end":{"line":3,"column":3}},"3":{"start":{"line":4,"column":0},"end":{"line":4,"column":56}},"4":{"start":{"line":5,"column":0},"end":{"line":5,"column":41}},"5":{"start":{"line":6,"column":0},"end":{"line":6,"column":49}},"6":{"start":{"line":7,"column":0},"end":{"line":7,"column":28}},"7":{"start":{"line":8,"column":0},"end":{"line":8,"column":2}},"8":{"start":{"line":9,"column":0},"end":{"line":9,"column":16}},"9":{"start":{"line":10,"column":0},"end":{"line":10,"column":120}},"10":{"start":{"line":11,"column":0},"end":{"line":11,"column":3}},"11":{"start":{"line":12,"column":0},"end":{"line":12,"column":83}},"12":{"start":{"line":13,"column":0},"end":{"line":13,"column":2}},"13":{"start":{"line":14,"column":0},"end":{"line":14,"column":0}},"14":{"start":{"line":15,"column":0},"end":{"line":15,"column":3}},"15":{"start":{"line":16,"column":0},"end":{"line":16,"column":48}},"16":{"start":{"line":17,"column":0},"end":{"line":17,"column":3}},"17":{"start":{"line":18,"column":0},"end":{"line":18,"column":60}},"18":{"start":{"line":19,"column":0},"end":{"line":19,"column":66}},"19":{"start":{"line":20,"column":0},"end":{"line":20,"column":42}},"20":{"start":{"line":21,"column":0},"end":{"line":21,"column":59}},"21":{"start":{"line":22,"column":0},"end":{"line":22,"column":89}},"22":{"start":{"line":23,"column":0},"end":{"line":23,"column":2}},"23":{"start":{"line":24,"column":0},"end":{"line":24,"column":0}},"24":{"start":{"line":25,"column":0},"end":{"line":25,"column":3}},"25":{"start":{"line":26,"column":0},"end":{"line":26,"column":49}},"26":{"start":{"line":27,"column":0},"end":{"line":27,"column":3}},"27":{"start":{"line":28,"column":0},"end":{"line":28,"column":60}},"28":{"start":{"line":29,"column":0},"end":{"line":29,"column":18}},"29":{"start":{"line":30,"column":0},"end":{"line":30,"column":42}},"30":{"start":{"line":31,"column":0},"end":{"line":31,"column":26}},"31":{"start":{"line":32,"column":0},"end":{"line":32,"column":34}},"32":{"start":{"line":33,"column":0},"end":{"line":33,"column":10}},"33":{"start":{"line":34,"column":0},"end":{"line":34,"column":40}},"34":{"start":{"line":35,"column":0},"end":{"line":35,"column":50}},"35":{"start":{"line":36,"column":0},"end":{"line":36,"column":41}},"36":{"start":{"line":37,"column":0},"end":{"line":37,"column":3}},"37":{"start":{"line":38,"column":0},"end":{"line":38,"column":2}},"38":{"start":{"line":39,"column":0},"end":{"line":39,"column":0}},"39":{"start":{"line":40,"column":0},"end":{"line":40,"column":3}},"40":{"start":{"line":41,"column":0},"end":{"line":41,"column":33}},"41":{"start":{"line":42,"column":0},"end":{"line":42,"column":3}},"42":{"start":{"line":43,"column":0},"end":{"line":43,"column":59}},"43":{"start":{"line":44,"column":0},"end":{"line":44,"column":36}},"44":{"start":{"line":45,"column":0},"end":{"line":45,"column":27}},"45":{"start":{"line":46,"column":0},"end":{"line":46,"column":36}},"46":{"start":{"line":47,"column":0},"end":{"line":47,"column":45}},"47":{"start":{"line":48,"column":0},"end":{"line":48,"column":0}},"48":{"start":{"line":49,"column":0},"end":{"line":49,"column":53}},"49":{"start":{"line":50,"column":0},"end":{"line":50,"column":103}},"50":{"start":{"line":51,"column":0},"end":{"line":51,"column":64}},"51":{"start":{"line":52,"column":0},"end":{"line":52,"column":96}},"52":{"start":{"line":53,"column":0},"end":{"line":53,"column":10}},"53":{"start":{"line":54,"column":0},"end":{"line":54,"column":55}},"54":{"start":{"line":55,"column":0},"end":{"line":55,"column":22}},"55":{"start":{"line":56,"column":0},"end":{"line":56,"column":20}},"56":{"start":{"line":57,"column":0},"end":{"line":57,"column":7}},"57":{"start":{"line":58,"column":0},"end":{"line":58,"column":54}},"58":{"start":{"line":59,"column":0},"end":{"line":59,"column":22}},"59":{"start":{"line":60,"column":0},"end":{"line":60,"column":23}},"60":{"start":{"line":61,"column":0},"end":{"line":61,"column":7}},"61":{"start":{"line":62,"column":0},"end":{"line":62,"column":37}},"62":{"start":{"line":63,"column":0},"end":{"line":63,"column":3}},"63":{"start":{"line":64,"column":0},"end":{"line":64,"column":2}}},"s":{"0":1,"1":1,"2":1,"3":1,"4":12,"5":12,"6":12,"7":12,"8":12,"9":6,"10":6,"11":6,"12":6,"13":1,"14":1,"15":1,"16":1,"17":1,"18":11,"19":8,"20":8,"21":8,"22":8,"23":1,"24":1,"25":1,"26":1,"27":1,"28":11,"29":5,"30":11,"31":3,"32":3,"33":3,"34":3,"35":3,"36":3,"37":11,"38":1,"39":1,"40":1,"41":1,"42":1,"43":3,"44":3,"45":3,"46":3,"47":3,"48":3,"49":1,"50":3,"51":0,"52":2,"53":2,"54":2,"55":2,"56":2,"57":2,"58":2,"59":2,"60":2,"61":2,"62":2,"63":3},"branchMap":{"0":{"type":"branch","line":4,"loc":{"start":{"line":4,"column":26},"end":{"line":13,"column":2}},"locations":[{"start":{"line":4,"column":26},"end":{"line":13,"column":2}}]},"1":{"type":"branch","line":9,"loc":{"start":{"line":9,"column":15},"end":{"line":13,"column":2}},"locations":[{"start":{"line":9,"column":15},"end":{"line":13,"column":2}}]},"2":{"type":"branch","line":18,"loc":{"start":{"line":18,"column":26},"end":{"line":23,"column":2}},"locations":[{"start":{"line":18,"column":26},"end":{"line":23,"column":2}}]},"3":{"type":"branch","line":19,"loc":{"start":{"line":19,"column":22},"end":{"line":19,"column":51}},"locations":[{"start":{"line":19,"column":22},"end":{"line":19,"column":51}}]},"4":{"type":"branch","line":19,"loc":{"start":{"line":19,"column":51},"end":{"line":19,"column":66}},"locations":[{"start":{"line":19,"column":51},"end":{"line":19,"column":66}}]},"5":{"type":"branch","line":19,"loc":{"start":{"line":19,"column":58},"end":{"line":23,"column":2}},"locations":[{"start":{"line":19,"column":58},"end":{"line":23,"column":2}}]},"6":{"type":"branch","line":28,"loc":{"start":{"line":28,"column":32},"end":{"line":38,"column":2}},"locations":[{"start":{"line":28,"column":32},"end":{"line":38,"column":2}}]},"7":{"type":"branch","line":29,"loc":{"start":{"line":29,"column":17},"end":{"line":31,"column":13}},"locations":[{"start":{"line":29,"column":17},"end":{"line":31,"column":13}}]},"8":{"type":"branch","line":31,"loc":{"start":{"line":31,"column":2},"end":{"line":37,"column":3}},"locations":[{"start":{"line":31,"column":2},"end":{"line":37,"column":3}}]},"9":{"type":"branch","line":31,"loc":{"start":{"line":31,"column":25},"end":{"line":37,"column":3}},"locations":[{"start":{"line":31,"column":25},"end":{"line":37,"column":3}}]},"10":{"type":"branch","line":43,"loc":{"start":{"line":43,"column":26},"end":{"line":64,"column":2}},"locations":[{"start":{"line":43,"column":26},"end":{"line":64,"column":2}}]},"11":{"type":"branch","line":49,"loc":{"start":{"line":49,"column":52},"end":{"line":51,"column":13}},"locations":[{"start":{"line":49,"column":52},"end":{"line":51,"column":13}}]},"12":{"type":"branch","line":51,"loc":{"start":{"line":51,"column":2},"end":{"line":63,"column":3}},"locations":[{"start":{"line":51,"column":2},"end":{"line":63,"column":3}}]},"13":{"type":"branch","line":51,"loc":{"start":{"line":51,"column":63},"end":{"line":53,"column":9}},"locations":[{"start":{"line":51,"column":63},"end":{"line":53,"column":9}}]}},"b":{"0":[12],"1":[6],"2":[11],"3":[10],"4":[3],"5":[8],"6":[11],"7":[5],"8":[6],"9":[3],"10":[3],"11":[1],"12":[2],"13":[0]},"fnMap":{"0":{"name":"formatTime","decl":{"start":{"line":4,"column":26},"end":{"line":13,"column":2}},"loc":{"start":{"line":4,"column":26},"end":{"line":13,"column":2}},"line":4},"1":{"name":"formatPace","decl":{"start":{"line":18,"column":26},"end":{"line":23,"column":2}},"loc":{"start":{"line":18,"column":26},"end":{"line":23,"column":2}},"line":18},"2":{"name":"formatLifeGained","decl":{"start":{"line":28,"column":32},"end":{"line":38,"column":2}},"loc":{"start":{"line":28,"column":32},"end":{"line":38,"column":2}},"line":28},"3":{"name":"formatDate","decl":{"start":{"line":43,"column":26},"end":{"line":64,"column":2}},"loc":{"start":{"line":43,"column":26},"end":{"line":64,"column":2}},"line":43}},"f":{"0":12,"1":11,"2":11,"3":3}}
,"C:\\Users\\Paula\\Downloads\\sans doc testOK\\project\\utils\\gpsOptimizer.ts": {"path":"C:\\Users\\Paula\\Downloads\\sans doc testOK\\project\\utils\\gpsOptimizer.ts","all":false,"statementMap":{"0":{"start":{"line":1,"column":0},"end":{"line":1,"column":3}},"1":{"start":{"line":2,"column":0},"end":{"line":2,"column":34}},"2":{"start":{"line":3,"column":0},"end":{"line":3,"column":3}},"3":{"start":{"line":4,"column":0},"end":{"line":4,"column":0}},"4":{"start":{"line":5,"column":0},"end":{"line":5,"column":30}},"5":{"start":{"line":6,"column":0},"end":{"line":6,"column":19}},"6":{"start":{"line":7,"column":0},"end":{"line":7,"column":20}},"7":{"start":{"line":8,"column":0},"end":{"line":8,"column":20}},"8":{"start":{"line":9,"column":0},"end":{"line":9,"column":17}},"9":{"start":{"line":10,"column":0},"end":{"line":10,"column":20}},"10":{"start":{"line":11,"column":0},"end":{"line":11,"column":1}},"11":{"start":{"line":12,"column":0},"end":{"line":12,"column":0}},"12":{"start":{"line":13,"column":0},"end":{"line":13,"column":36}},"13":{"start":{"line":14,"column":0},"end":{"line":14,"column":14}},"14":{"start":{"line":15,"column":0},"end":{"line":15,"column":14}},"15":{"start":{"line":16,"column":0},"end":{"line":16,"column":43}},"16":{"start":{"line":17,"column":0},"end":{"line":17,"column":33}},"17":{"start":{"line":18,"column":0},"end":{"line":18,"column":1}},"18":{"start":{"line":19,"column":0},"end":{"line":19,"column":0}},"19":{"start":{"line":20,"column":0},"end":{"line":20,"column":3}},"20":{"start":{"line":21,"column":0},"end":{"line":21,"column":37}},"21":{"start":{"line":22,"column":0},"end":{"line":22,"column":37}},"22":{"start":{"line":23,"column":0},"end":{"line":23,"column":28}},"23":{"start":{"line":24,"column":0},"end":{"line":24,"column":28}},"24":{"start":{"line":25,"column":0},"end":{"line":25,"column":25}},"25":{"start":{"line":26,"column":0},"end":{"line":26,"column":3}},"26":{"start":{"line":27,"column":0},"end":{"line":27,"column":85}},"27":{"start":{"line":28,"column":0},"end":{"line":28,"column":40}},"28":{"start":{"line":29,"column":0},"end":{"line":29,"column":0}},"29":{"start":{"line":30,"column":0},"end":{"line":30,"column":43}},"30":{"start":{"line":31,"column":0},"end":{"line":31,"column":44}},"31":{"start":{"line":32,"column":0},"end":{"line":32,"column":41}},"32":{"start":{"line":33,"column":0},"end":{"line":33,"column":0}},"33":{"start":{"line":34,"column":0},"end":{"line":34,"column":32}},"34":{"start":{"line":35,"column":0},"end":{"line":35,"column":54}},"35":{"start":{"line":36,"column":0},"end":{"line":36,"column":57}},"36":{"start":{"line":37,"column":0},"end":{"line":37,"column":15}},"37":{"start":{"line":38,"column":0},"end":{"line":38,"column":5}},"38":{"start":{"line":39,"column":0},"end":{"line":39,"column":0}},"39":{"start":{"line":40,"column":0},"end":{"line":40,"column":64}},"40":{"start":{"line":41,"column":0},"end":{"line":41,"column":38}},"41":{"start":{"line":42,"column":0},"end":{"line":42,"column":15}},"42":{"start":{"line":43,"column":0},"end":{"line":43,"column":5}},"43":{"start":{"line":44,"column":0},"end":{"line":44,"column":0}},"44":{"start":{"line":45,"column":0},"end":{"line":45,"column":20}},"45":{"start":{"line":46,"column":0},"end":{"line":46,"column":73}},"46":{"start":{"line":47,"column":0},"end":{"line":47,"column":57}},"47":{"start":{"line":48,"column":0},"end":{"line":48,"column":78}},"48":{"start":{"line":49,"column":0},"end":{"line":49,"column":87}},"49":{"start":{"line":50,"column":0},"end":{"line":50,"column":7}},"50":{"start":{"line":51,"column":0},"end":{"line":51,"column":0}},"51":{"start":{"line":52,"column":0},"end":{"line":52,"column":18}},"52":{"start":{"line":53,"column":0},"end":{"line":53,"column":3}},"53":{"start":{"line":54,"column":0},"end":{"line":54,"column":0}},"54":{"start":{"line":55,"column":0},"end":{"line":55,"column":19}},"55":{"start":{"line":56,"column":0},"end":{"line":56,"column":2}},"56":{"start":{"line":57,"column":0},"end":{"line":57,"column":0}},"57":{"start":{"line":58,"column":0},"end":{"line":58,"column":3}},"58":{"start":{"line":59,"column":0},"end":{"line":59,"column":45}},"59":{"start":{"line":60,"column":0},"end":{"line":60,"column":3}},"60":{"start":{"line":61,"column":0},"end":{"line":61,"column":33}},"61":{"start":{"line":62,"column":0},"end":{"line":62,"column":34}},"62":{"start":{"line":63,"column":0},"end":{"line":63,"column":19}},"63":{"start":{"line":64,"column":0},"end":{"line":64,"column":21}},"64":{"start":{"line":65,"column":0},"end":{"line":65,"column":32}},"65":{"start":{"line":66,"column":0},"end":{"line":66,"column":22}},"66":{"start":{"line":67,"column":0},"end":{"line":67,"column":23}},"67":{"start":{"line":68,"column":0},"end":{"line":68,"column":42}},"68":{"start":{"line":69,"column":0},"end":{"line":69,"column":17}},"69":{"start":{"line":70,"column":0},"end":{"line":70,"column":6}},"70":{"start":{"line":71,"column":0},"end":{"line":71,"column":2}},"71":{"start":{"line":72,"column":0},"end":{"line":72,"column":0}},"72":{"start":{"line":73,"column":0},"end":{"line":73,"column":3}},"73":{"start":{"line":74,"column":0},"end":{"line":74,"column":63}},"74":{"start":{"line":75,"column":0},"end":{"line":75,"column":3}},"75":{"start":{"line":76,"column":0},"end":{"line":76,"column":77}},"76":{"start":{"line":77,"column":0},"end":{"line":77,"column":48}},"77":{"start":{"line":78,"column":0},"end":{"line":78,"column":63}},"78":{"start":{"line":79,"column":0},"end":{"line":79,"column":65}},"79":{"start":{"line":80,"column":0},"end":{"line":80,"column":12}},"80":{"start":{"line":81,"column":0},"end":{"line":81,"column":41}},"81":{"start":{"line":82,"column":0},"end":{"line":82,"column":88}},"82":{"start":{"line":83,"column":0},"end":{"line":83,"column":40}},"83":{"start":{"line":84,"column":0},"end":{"line":84,"column":57}},"84":{"start":{"line":85,"column":0},"end":{"line":85,"column":15}},"85":{"start":{"line":86,"column":0},"end":{"line":86,"column":2}},"86":{"start":{"line":87,"column":0},"end":{"line":87,"column":0}},"87":{"start":{"line":88,"column":0},"end":{"line":88,"column":3}},"88":{"start":{"line":89,"column":0},"end":{"line":89,"column":32}},"89":{"start":{"line":90,"column":0},"end":{"line":90,"column":3}},"90":{"start":{"line":91,"column":0},"end":{"line":91,"column":88}},"91":{"start":{"line":92,"column":0},"end":{"line":92,"column":59}},"92":{"start":{"line":93,"column":0},"end":{"line":93,"column":36}},"93":{"start":{"line":94,"column":0},"end":{"line":94,"column":7}},"94":{"start":{"line":95,"column":0},"end":{"line":95,"column":32}},"95":{"start":{"line":96,"column":0},"end":{"line":96,"column":14}},"96":{"start":{"line":97,"column":0},"end":{"line":97,"column":0}},"97":{"start":{"line":98,"column":0},"end":{"line":98,"column":34}},"98":{"start":{"line":99,"column":0},"end":{"line":99,"column":8}},"99":{"start":{"line":100,"column":0},"end":{"line":100,"column":8}},"100":{"start":{"line":101,"column":0},"end":{"line":101,"column":0}},"101":{"start":{"line":102,"column":0},"end":{"line":102,"column":43}},"102":{"start":{"line":103,"column":0},"end":{"line":103,"column":63}},"103":{"start":{"line":104,"column":0},"end":{"line":104,"column":61}},"104":{"start":{"line":105,"column":0},"end":{"line":105,"column":82}},"105":{"start":{"line":106,"column":0},"end":{"line":106,"column":15}},"106":{"start":{"line":107,"column":0},"end":{"line":107,"column":15}},"107":{"start":{"line":108,"column":0},"end":{"line":108,"column":0}},"108":{"start":{"line":109,"column":0},"end":{"line":109,"column":59}},"109":{"start":{"line":110,"column":0},"end":{"line":110,"column":2}}},"s":{"0":1,"1":1,"2":1,"3":1,"4":1,"5":1,"6":1,"7":1,"8":1,"9":1,"10":1,"11":1,"12":1,"13":1,"14":1,"15":1,"16":1,"17":1,"18":1,"19":1,"20":1,"21":1,"22":1,"23":1,"24":1,"25":1,"26":1,"27":9,"28":6,"29":6,"30":6,"31":6,"32":6,"33":7,"34":1013,"35":1013,"36":1,"37":1,"38":1012,"39":1012,"40":1013,"41":1,"42":1,"43":1011,"44":1011,"45":1011,"46":1011,"47":1011,"48":1013,"49":1013,"50":1013,"51":1013,"52":1013,"53":6,"54":6,"55":6,"56":1,"57":1,"58":1,"59":1,"60":1,"61":4,"62":4,"63":4,"64":4,"65":6,"66":6,"67":6,"68":6,"69":4,"70":4,"71":1,"72":1,"73":1,"74":1,"75":1,"76":1007,"77":1007,"78":1007,"79":1007,"80":1007,"81":1007,"82":1007,"83":1007,"84":1007,"85":1007,"86":1,"87":1,"88":1,"89":1,"90":1,"91":4,"92":4,"93":4,"94":4,"95":4,"96":4,"97":4,"98":4,"99":4,"100":4,"101":4,"102":9,"103":9,"104":9,"105":4,"106":4,"107":4,"108":4,"109":4},"branchMap":{"0":{"type":"branch","line":27,"loc":{"start":{"line":27,"column":33},"end":{"line":56,"column":2}},"locations":[{"start":{"line":27,"column":33},"end":{"line":56,"column":2}}]},"1":{"type":"branch","line":28,"loc":{"start":{"line":28,"column":30},"end":{"line":28,"column":40}},"locations":[{"start":{"line":28,"column":30},"end":{"line":28,"column":40}}]},"2":{"type":"branch","line":28,"loc":{"start":{"line":28,"column":38},"end":{"line":56,"column":2}},"locations":[{"start":{"line":28,"column":38},"end":{"line":56,"column":2}}]},"3":{"type":"branch","line":28,"loc":{"start":{"line":28,"column":38},"end":{"line":34,"column":31}},"locations":[{"start":{"line":28,"column":38},"end":{"line":34,"column":31}}]},"4":{"type":"branch","line":34,"loc":{"start":{"line":34,"column":31},"end":{"line":53,"column":3}},"locations":[{"start":{"line":34,"column":31},"end":{"line":53,"column":3}}]},"5":{"type":"branch","line":36,"loc":{"start":{"line":36,"column":8},"end":{"line":36,"column":56}},"locations":[{"start":{"line":36,"column":8},"end":{"line":36,"column":56}}]},"6":{"type":"branch","line":36,"loc":{"start":{"line":36,"column":56},"end":{"line":38,"column":5}},"locations":[{"start":{"line":36,"column":56},"end":{"line":38,"column":5}}]},"7":{"type":"branch","line":38,"loc":{"start":{"line":38,"column":4},"end":{"line":41,"column":21}},"locations":[{"start":{"line":38,"column":4},"end":{"line":41,"column":21}}]},"8":{"type":"branch","line":41,"loc":{"start":{"line":41,"column":12},"end":{"line":41,"column":37}},"locations":[{"start":{"line":41,"column":12},"end":{"line":41,"column":37}}]},"9":{"type":"branch","line":41,"loc":{"start":{"line":41,"column":37},"end":{"line":43,"column":5}},"locations":[{"start":{"line":41,"column":37},"end":{"line":43,"column":5}}]},"10":{"type":"branch","line":43,"loc":{"start":{"line":43,"column":4},"end":{"line":49,"column":21}},"locations":[{"start":{"line":43,"column":4},"end":{"line":49,"column":21}}]},"11":{"type":"branch","line":49,"loc":{"start":{"line":49,"column":13},"end":{"line":49,"column":55}},"locations":[{"start":{"line":49,"column":13},"end":{"line":49,"column":55}}]},"12":{"type":"branch","line":49,"loc":{"start":{"line":49,"column":50},"end":{"line":49,"column":87}},"locations":[{"start":{"line":49,"column":50},"end":{"line":49,"column":87}}]},"13":{"type":"branch","line":53,"loc":{"start":{"line":53,"column":2},"end":{"line":56,"column":2}},"locations":[{"start":{"line":53,"column":2},"end":{"line":56,"column":2}}]},"14":{"type":"branch","line":61,"loc":{"start":{"line":61,"column":32},"end":{"line":71,"column":2}},"locations":[{"start":{"line":61,"column":32},"end":{"line":71,"column":2}}]},"15":{"type":"branch","line":65,"loc":{"start":{"line":65,"column":23},"end":{"line":70,"column":4}},"locations":[{"start":{"line":65,"column":23},"end":{"line":70,"column":4}}]},"16":{"type":"branch","line":76,"loc":{"start":{"line":76,"column":26},"end":{"line":86,"column":2}},"locations":[{"start":{"line":76,"column":26},"end":{"line":86,"column":2}}]},"17":{"type":"branch","line":91,"loc":{"start":{"line":91,"column":27},"end":{"line":110,"column":2}},"locations":[{"start":{"line":91,"column":27},"end":{"line":110,"column":2}}]},"18":{"type":"branch","line":102,"loc":{"start":{"line":102,"column":36},"end":{"line":105,"column":82}},"locations":[{"start":{"line":102,"column":36},"end":{"line":105,"column":82}}]},"19":{"type":"branch","line":105,"loc":{"start":{"line":105,"column":53},"end":{"line":105,"column":81}},"locations":[{"start":{"line":105,"column":53},"end":{"line":105,"column":81}}]}},"b":{"0":[9],"1":[3],"2":[7],"3":[6],"4":[1013],"5":[1007],"6":[1],"7":[1012],"8":[1009],"9":[1],"10":[1011],"11":[1008],"12":[3],"13":[6],"14":[4],"15":[6],"16":[1007],"17":[4],"18":[9],"19":[0]},"fnMap":{"0":{"name":"optimizePositions","decl":{"start":{"line":27,"column":33},"end":{"line":56,"column":2}},"loc":{"start":{"line":27,"column":33},"end":{"line":56,"column":2}},"line":27},"1":{"name":"restorePositions","decl":{"start":{"line":61,"column":32},"end":{"line":71,"column":2}},"loc":{"start":{"line":61,"column":32},"end":{"line":71,"column":2}},"line":61},"2":{"name":"calculateDistance","decl":{"start":{"line":76,"column":26},"end":{"line":86,"column":2}},"loc":{"start":{"line":76,"column":26},"end":{"line":86,"column":2}},"line":76},"3":{"name":"generateGPX","decl":{"start":{"line":91,"column":27},"end":{"line":110,"column":2}},"loc":{"start":{"line":91,"column":27},"end":{"line":110,"column":2}},"line":91}},"f":{"0":9,"1":4,"2":1007,"3":4}}
}
