TN:
SF:lib\auth.ts
FN:22,signUp
FN:76,signIn
FN:129,signOut
FN:145,getCurrentUser
FN:168,onAuthStateChange
FNF:5
FNH:5
FNDA:4,signUp
FNDA:2,signIn
FNDA:2,signOut
FNDA:2,getCurrentUser
FNDA:3,onAuthStateChange
DA:1,1
DA:2,1
DA:3,1
DA:4,1
DA:5,1
DA:6,1
DA:7,1
DA:8,1
DA:9,1
DA:10,1
DA:11,1
DA:12,1
DA:13,1
DA:14,1
DA:15,1
DA:16,1
DA:17,1
DA:18,1
DA:19,1
DA:20,1
DA:21,1
DA:22,1
DA:23,4
DA:24,4
DA:25,4
DA:26,4
DA:27,4
DA:28,4
DA:29,4
DA:30,4
DA:31,4
DA:32,3
DA:33,3
DA:34,3
DA:35,3
DA:36,1
DA:37,4
DA:38,4
DA:39,4
DA:40,1
DA:41,1
DA:42,1
DA:43,1
DA:44,1
DA:45,1
DA:46,1
DA:47,1
DA:48,1
DA:49,1
DA:50,0
DA:51,0
DA:52,0
DA:53,0
DA:54,0
DA:55,0
DA:56,1
DA:57,1
DA:58,1
DA:59,1
DA:60,1
DA:61,1
DA:62,0
DA:63,0
DA:64,0
DA:65,0
DA:66,0
DA:67,0
DA:68,4
DA:69,1
DA:70,1
DA:71,1
DA:72,1
DA:73,1
DA:74,1
DA:75,1
DA:76,1
DA:77,2
DA:78,2
DA:79,2
DA:80,2
DA:81,2
DA:82,2
DA:83,2
DA:84,2
DA:85,2
DA:86,1
DA:87,1
DA:88,1
DA:89,1
DA:90,2
DA:91,2
DA:92,2
DA:93,1
DA:94,1
DA:95,1
DA:96,1
DA:97,1
DA:98,1
DA:99,1
DA:100,1
DA:101,1
DA:102,1
DA:103,1
DA:104,1
DA:105,1
DA:106,0
DA:107,0
DA:108,1
DA:109,0
DA:110,0
DA:111,0
DA:112,1
DA:113,1
DA:114,1
DA:115,1
DA:116,1
DA:117,1
DA:118,0
DA:119,0
DA:120,0
DA:121,0
DA:122,0
DA:123,0
DA:124,2
DA:125,1
DA:126,1
DA:127,1
DA:128,1
DA:129,1
DA:130,2
DA:131,2
DA:132,2
DA:133,2
DA:134,1
DA:135,1
DA:136,2
DA:137,0
DA:138,0
DA:139,2
DA:140,1
DA:141,1
DA:142,1
DA:143,1
DA:144,1
DA:145,1
DA:146,2
DA:147,2
DA:148,2
DA:149,2
DA:150,1
DA:151,1
DA:152,1
DA:153,1
DA:154,1
DA:155,1
DA:156,1
DA:157,2
DA:158,0
DA:159,0
DA:160,0
DA:161,2
DA:162,1
DA:163,1
DA:164,1
DA:165,1
DA:166,1
DA:167,1
DA:168,1
DA:169,3
DA:170,2
DA:171,2
DA:172,1
DA:173,1
DA:174,1
DA:175,1
DA:176,1
DA:177,1
DA:178,1
DA:179,3
DA:180,3
DA:181,1
LF:181
LH:153
BRDA:22,0,0,4
BRDA:31,1,0,3
BRDA:35,2,0,1
BRDA:39,3,0,1
BRDA:49,4,0,0
BRDA:59,5,0,0
BRDA:61,6,0,0
BRDA:76,7,0,2
BRDA:85,8,0,1
BRDA:92,9,0,1
BRDA:101,10,0,0
BRDA:102,11,0,0
BRDA:105,12,0,0
BRDA:108,13,0,0
BRDA:115,14,0,0
BRDA:117,15,0,0
BRDA:129,16,0,2
BRDA:133,17,0,1
BRDA:136,18,0,0
BRDA:145,19,0,2
BRDA:149,20,0,1
BRDA:152,21,0,0
BRDA:157,22,0,0
BRDA:168,23,0,3
BRDA:169,24,0,2
BRDA:171,25,0,1
BRDA:171,26,0,1
BRDA:174,27,0,0
BRF:28
BRH:15
end_of_record
TN:
SF:lib\debug.ts
FN:3,debugSupabase
FNF:1
FNH:1
FNDA:6,debugSupabase
DA:1,1
DA:2,1
DA:3,1
DA:4,6
DA:5,6
DA:6,6
DA:7,6
DA:8,6
DA:9,5
DA:10,6
DA:11,6
DA:12,6
DA:13,6
DA:14,6
DA:15,6
DA:16,6
DA:17,5
DA:18,6
DA:19,1
DA:20,6
DA:21,4
DA:22,4
DA:23,5
DA:24,5
DA:25,5
DA:26,5
DA:27,5
DA:28,5
DA:29,6
DA:30,1
DA:31,6
DA:32,4
DA:33,4
DA:34,5
DA:35,5
DA:36,5
DA:37,5
DA:38,5
DA:39,5
DA:40,5
DA:41,5
DA:42,5
DA:43,6
DA:44,2
DA:45,6
DA:46,1
DA:47,1
DA:48,1
DA:49,6
DA:50,6
DA:51,3
DA:52,3
DA:53,6
LF:53
LH:53
BRDA:3,0,0,6
BRDA:8,1,0,5
BRDA:10,2,0,4
BRDA:10,3,0,1
BRDA:16,4,0,5
BRDA:18,5,0,1
BRDA:20,6,0,4
BRDA:22,7,0,5
BRDA:29,8,0,1
BRDA:31,9,0,4
BRDA:33,10,0,5
BRDA:43,11,0,2
BRDA:45,12,0,1
BRDA:50,13,0,3
BRF:14
BRH:14
end_of_record
TN:
SF:lib\supabase.ts
FN:61,getUserActivities
FN:84,getActivity
FN:109,createActivity
FN:135,deleteActivity
FN:143,getProfile
FN:159,upsertProfile
FNF:6
FNH:5
FNDA:3,getUserActivities
FNDA:0,getActivity
FNDA:2,createActivity
FNDA:2,deleteActivity
FNDA:3,getProfile
FNDA:2,upsertProfile
DA:1,1
DA:2,1
DA:3,1
DA:4,1
DA:5,1
DA:6,1
DA:7,1
DA:8,1
DA:9,1
DA:10,1
DA:11,0
DA:12,1
DA:13,1
DA:14,0
DA:15,1
DA:16,1
DA:17,1
DA:18,1
DA:19,1
DA:20,1
DA:21,1
DA:22,1
DA:23,1
DA:24,1
DA:25,1
DA:26,1
DA:27,1
DA:28,1
DA:29,1
DA:30,1
DA:31,1
DA:32,1
DA:33,1
DA:34,1
DA:35,1
DA:36,1
DA:37,1
DA:38,1
DA:39,1
DA:40,1
DA:41,1
DA:42,1
DA:43,1
DA:44,1
DA:45,1
DA:46,1
DA:47,1
DA:48,1
DA:49,1
DA:50,1
DA:51,1
DA:52,1
DA:53,1
DA:54,1
DA:55,1
DA:56,1
DA:57,1
DA:58,1
DA:59,1
DA:60,1
DA:61,1
DA:62,3
DA:63,3
DA:64,3
DA:65,3
DA:66,3
DA:67,3
DA:68,3
DA:69,2
DA:70,2
DA:71,3
DA:72,1
DA:73,1
DA:74,1
DA:75,1
DA:76,0
DA:77,1
DA:78,1
DA:79,1
DA:80,0
DA:81,3
DA:82,3
DA:83,1
DA:84,1
DA:85,0
DA:86,0
DA:87,0
DA:88,0
DA:89,0
DA:90,0
DA:91,0
DA:92,0
DA:93,0
DA:94,0
DA:95,0
DA:96,0
DA:97,0
DA:98,0
DA:99,0
DA:100,0
DA:101,0
DA:102,0
DA:103,0
DA:104,0
DA:105,0
DA:106,0
DA:107,0
DA:108,1
DA:109,1
DA:110,2
DA:111,2
DA:112,2
DA:113,2
DA:114,2
DA:115,2
DA:116,2
DA:117,2
DA:118,2
DA:119,2
DA:120,2
DA:121,2
DA:122,2
DA:123,2
DA:124,2
DA:125,2
DA:126,2
DA:127,1
DA:128,1
DA:129,1
DA:130,1
DA:131,1
DA:132,1
DA:133,2
DA:134,1
DA:135,1
DA:136,2
DA:137,2
DA:138,2
DA:139,2
DA:140,1
DA:141,1
DA:142,1
DA:143,1
DA:144,3
DA:145,3
DA:146,3
DA:147,3
DA:148,3
DA:149,3
DA:150,3
DA:151,3
DA:152,1
DA:153,1
DA:154,2
DA:155,2
DA:156,2
DA:157,3
DA:158,1
DA:159,1
DA:160,2
DA:161,2
DA:162,2
DA:163,2
DA:164,2
DA:165,2
DA:166,2
DA:167,2
DA:168,2
DA:169,1
DA:170,1
DA:171,1
DA:172,1
DA:173,2
DA:174,1
LF:174
LH:147
BRDA:10,0,0,0
BRDA:13,1,0,0
BRDA:61,2,0,3
BRDA:68,3,0,1
BRDA:68,4,0,2
BRDA:71,5,0,1
BRDA:71,6,0,1
BRDA:75,7,0,0
BRDA:79,8,0,0
BRDA:109,9,0,2
BRDA:126,10,0,1
BRDA:135,11,0,2
BRDA:138,12,0,1
BRDA:143,13,0,3
BRDA:151,14,0,2
BRDA:151,15,0,1
BRDA:153,16,0,2
BRDA:159,17,0,2
BRDA:168,18,0,1
BRF:19
BRH:15
end_of_record
TN:
SF:utils\calculations.ts
FN:13,calculateDistance
FN:28,calculateCO2Savings
FN:36,calculateLifeGained
FN:44,calculatePace
FN:53,filterSpeed
FNF:5
FNH:5
FNDA:3,calculateDistance
FNDA:9,calculateCO2Savings
FNDA:8,calculateLifeGained
FNDA:6,calculatePace
FNDA:8,filterSpeed
DA:1,1
DA:2,1
DA:3,1
DA:4,1
DA:5,1
DA:6,1
DA:7,1
DA:8,1
DA:9,1
DA:10,1
DA:11,1
DA:12,1
DA:13,1
DA:14,3
DA:15,3
DA:16,3
DA:17,3
DA:18,3
DA:19,3
DA:20,3
DA:21,3
DA:22,3
DA:23,3
DA:24,1
DA:25,1
DA:26,1
DA:27,1
DA:28,1
DA:29,9
DA:30,7
DA:31,7
DA:32,1
DA:33,1
DA:34,1
DA:35,1
DA:36,1
DA:37,8
DA:38,6
DA:39,6
DA:40,1
DA:41,1
DA:42,1
DA:43,1
DA:44,1
DA:45,6
DA:46,4
DA:47,4
DA:48,4
DA:49,1
DA:50,1
DA:51,1
DA:52,1
DA:53,1
DA:54,8
DA:55,8
DA:56,8
DA:57,8
DA:58,5
DA:59,5
DA:60,3
DA:61,3
LF:61
LH:61
BRDA:13,0,0,3
BRDA:28,1,0,9
BRDA:29,2,0,8
BRDA:29,3,0,2
BRDA:29,4,0,7
BRDA:36,5,0,8
BRDA:37,6,0,7
BRDA:37,7,0,2
BRDA:37,8,0,6
BRDA:44,9,0,6
BRDA:45,10,0,2
BRDA:45,11,0,4
BRDA:53,12,0,8
BRDA:54,13,0,4
BRDA:54,14,0,4
BRDA:57,15,0,5
BRDA:57,16,0,5
BRDA:59,17,0,3
BRF:18
BRH:18
end_of_record
TN:
SF:utils\formatters.ts
FN:4,formatTime
FN:18,formatPace
FN:28,formatLifeGained
FN:43,formatDate
FNF:4
FNH:4
FNDA:12,formatTime
FNDA:11,formatPace
FNDA:11,formatLifeGained
FNDA:3,formatDate
DA:1,1
DA:2,1
DA:3,1
DA:4,1
DA:5,12
DA:6,12
DA:7,12
DA:8,12
DA:9,12
DA:10,6
DA:11,6
DA:12,6
DA:13,6
DA:14,1
DA:15,1
DA:16,1
DA:17,1
DA:18,1
DA:19,11
DA:20,8
DA:21,8
DA:22,8
DA:23,8
DA:24,1
DA:25,1
DA:26,1
DA:27,1
DA:28,1
DA:29,11
DA:30,5
DA:31,11
DA:32,3
DA:33,3
DA:34,3
DA:35,3
DA:36,3
DA:37,3
DA:38,11
DA:39,1
DA:40,1
DA:41,1
DA:42,1
DA:43,1
DA:44,3
DA:45,3
DA:46,3
DA:47,3
DA:48,3
DA:49,3
DA:50,1
DA:51,3
DA:52,0
DA:53,2
DA:54,2
DA:55,2
DA:56,2
DA:57,2
DA:58,2
DA:59,2
DA:60,2
DA:61,2
DA:62,2
DA:63,2
DA:64,3
LF:64
LH:63
BRDA:4,0,0,12
BRDA:9,1,0,6
BRDA:18,2,0,11
BRDA:19,3,0,10
BRDA:19,4,0,3
BRDA:19,5,0,8
BRDA:28,6,0,11
BRDA:29,7,0,5
BRDA:31,8,0,6
BRDA:31,9,0,3
BRDA:43,10,0,3
BRDA:49,11,0,1
BRDA:51,12,0,2
BRDA:51,13,0,0
BRF:14
BRH:13
end_of_record
TN:
SF:utils\gpsOptimizer.ts
FN:27,optimizePositions
FN:61,restorePositions
FN:76,calculateDistance
FN:91,generateGPX
FNF:4
FNH:4
FNDA:9,optimizePositions
FNDA:4,restorePositions
FNDA:1007,calculateDistance
FNDA:4,generateGPX
DA:1,1
DA:2,1
DA:3,1
DA:4,1
DA:5,1
DA:6,1
DA:7,1
DA:8,1
DA:9,1
DA:10,1
DA:11,1
DA:12,1
DA:13,1
DA:14,1
DA:15,1
DA:16,1
DA:17,1
DA:18,1
DA:19,1
DA:20,1
DA:21,1
DA:22,1
DA:23,1
DA:24,1
DA:25,1
DA:26,1
DA:27,1
DA:28,9
DA:29,6
DA:30,6
DA:31,6
DA:32,6
DA:33,6
DA:34,7
DA:35,1013
DA:36,1013
DA:37,1
DA:38,1
DA:39,1012
DA:40,1012
DA:41,1013
DA:42,1
DA:43,1
DA:44,1011
DA:45,1011
DA:46,1011
DA:47,1011
DA:48,1011
DA:49,1013
DA:50,1013
DA:51,1013
DA:52,1013
DA:53,1013
DA:54,6
DA:55,6
DA:56,6
DA:57,1
DA:58,1
DA:59,1
DA:60,1
DA:61,1
DA:62,4
DA:63,4
DA:64,4
DA:65,4
DA:66,6
DA:67,6
DA:68,6
DA:69,6
DA:70,4
DA:71,4
DA:72,1
DA:73,1
DA:74,1
DA:75,1
DA:76,1
DA:77,1007
DA:78,1007
DA:79,1007
DA:80,1007
DA:81,1007
DA:82,1007
DA:83,1007
DA:84,1007
DA:85,1007
DA:86,1007
DA:87,1
DA:88,1
DA:89,1
DA:90,1
DA:91,1
DA:92,4
DA:93,4
DA:94,4
DA:95,4
DA:96,4
DA:97,4
DA:98,4
DA:99,4
DA:100,4
DA:101,4
DA:102,4
DA:103,9
DA:104,9
DA:105,9
DA:106,4
DA:107,4
DA:108,4
DA:109,4
DA:110,4
LF:110
LH:110
BRDA:27,0,0,9
BRDA:28,1,0,3
BRDA:28,2,0,7
BRDA:28,3,0,6
BRDA:34,4,0,1013
BRDA:36,5,0,1007
BRDA:36,6,0,1
BRDA:38,7,0,1012
BRDA:41,8,0,1009
BRDA:41,9,0,1
BRDA:43,10,0,1011
BRDA:49,11,0,1008
BRDA:49,12,0,3
BRDA:53,13,0,6
BRDA:61,14,0,4
BRDA:65,15,0,6
BRDA:76,16,0,1007
BRDA:91,17,0,4
BRDA:102,18,0,9
BRDA:105,19,0,0
BRF:20
BRH:19
end_of_record
